This is pdfTeX, Version 3.1415926-2.5-1.40.14 (TeX Live 2013/Debian) (format=pdflatex 2014.5.7)  20 JAN 2015 09:41
entering extended mode
 restricted \write18 enabled.
 %&-line parsing enabled.
**chap02
(./chap02.tex
LaTeX2e <2011/06/27>
Babel <3.9h> and hyphenation patterns for 78 languages loaded.
(/usr/share/texlive/texmf-dist/tex/latex/base/article.cls
Document Class: article 2007/10/19 v1.4h Standard LaTeX document class
(/usr/share/texlive/texmf-dist/tex/latex/base/size10.clo
File: size10.clo 2007/10/19 v1.4h Standard LaTeX file (size option)
)
\c@part=\count79
\c@section=\count80
\c@subsection=\count81
\c@subsubsection=\count82
\c@paragraph=\count83
\c@subparagraph=\count84
\c@figure=\count85
\c@table=\count86
\abovecaptionskip=\skip41
\belowcaptionskip=\skip42
\bibindent=\dimen102
)
(/usr/share/texlive/texmf-dist/tex/latex/geometry/geometry.sty
Package: geometry 2010/09/12 v5.6 Page Geometry

(/usr/share/texlive/texmf-dist/tex/latex/graphics/keyval.sty
Package: keyval 1999/03/16 v1.13 key=value parser (DPC)
\KV@toks@=\toks14
)
(/usr/share/texlive/texmf-dist/tex/generic/oberdiek/ifpdf.sty
Package: ifpdf 2011/01/30 v2.3 Provides the ifpdf switch (HO)
Package ifpdf Info: pdfTeX in PDF mode is detected.
)
(/usr/share/texlive/texmf-dist/tex/generic/oberdiek/ifvtex.sty
Package: ifvtex 2010/03/01 v1.5 Detect VTeX and its facilities (HO)
Package ifvtex Info: VTeX not detected.
)
(/usr/share/texlive/texmf-dist/tex/generic/ifxetex/ifxetex.sty
Package: ifxetex 2010/09/12 v0.6 Provides ifxetex conditional
)
\Gm@cnth=\count87
\Gm@cntv=\count88
\c@Gm@tempcnt=\count89
\Gm@bindingoffset=\dimen103
\Gm@wd@mp=\dimen104
\Gm@odd@mp=\dimen105
\Gm@even@mp=\dimen106
\Gm@layoutwidth=\dimen107
\Gm@layoutheight=\dimen108
\Gm@layouthoffset=\dimen109
\Gm@layoutvoffset=\dimen110
\Gm@dimlist=\toks15
)
(/usr/share/texlive/texmf-dist/tex/latex/graphics/graphicx.sty
Package: graphicx 1999/02/16 v1.0f Enhanced LaTeX Graphics (DPC,SPQR)

(/usr/share/texlive/texmf-dist/tex/latex/graphics/graphics.sty
Package: graphics 2009/02/05 v1.0o Standard LaTeX Graphics (DPC,SPQR)

(/usr/share/texlive/texmf-dist/tex/latex/graphics/trig.sty
Package: trig 1999/03/16 v1.09 sin cos tan (DPC)
)
(/usr/share/texlive/texmf-dist/tex/latex/latexconfig/graphics.cfg
File: graphics.cfg 2010/04/23 v1.9 graphics configuration of TeX Live
)
Package graphics Info: Driver file: pdftex.def on input line 91.

(/usr/share/texlive/texmf-dist/tex/latex/pdftex-def/pdftex.def
File: pdftex.def 2011/05/27 v0.06d Graphics/color for pdfTeX

(/usr/share/texlive/texmf-dist/tex/generic/oberdiek/infwarerr.sty
Package: infwarerr 2010/04/08 v1.3 Providing info/warning/error messages (HO)
)
(/usr/share/texlive/texmf-dist/tex/generic/oberdiek/ltxcmds.sty
Package: ltxcmds 2011/11/09 v1.22 LaTeX kernel commands for general use (HO)
)
\Gread@gobject=\count90
))
\Gin@req@height=\dimen111
\Gin@req@width=\dimen112
)
(/usr/share/texlive/texmf-dist/tex/latex/tools/multicol.sty
Package: multicol 2011/06/27 v1.7a multicolumn formatting (FMi)
\c@tracingmulticols=\count91
\mult@box=\box26
\multicol@leftmargin=\dimen113
\c@unbalance=\count92
\c@collectmore=\count93
\doublecol@number=\count94
\multicoltolerance=\count95
\multicolpretolerance=\count96
\full@width=\dimen114
\page@free=\dimen115
\premulticols=\dimen116
\postmulticols=\dimen117
\multicolsep=\skip43
\multicolbaselineskip=\skip44
\partial@page=\box27
\last@line=\box28
\mult@rightbox=\box29
\mult@grightbox=\box30
\mult@gfirstbox=\box31
\mult@firstbox=\box32
\@tempa=\box33
\@tempa=\box34
\@tempa=\box35
\@tempa=\box36
\@tempa=\box37
\@tempa=\box38
\@tempa=\box39
\@tempa=\box40
\@tempa=\box41
\@tempa=\box42
\@tempa=\box43
\@tempa=\box44
\@tempa=\box45
\@tempa=\box46
\@tempa=\box47
\@tempa=\box48
\@tempa=\box49
\c@columnbadness=\count97
\c@finalcolumnbadness=\count98
\last@try=\dimen118
\multicolovershoot=\dimen119
\multicolundershoot=\dimen120
\mult@nat@firstbox=\box50
\colbreak@box=\box51
\multicol@sort@counter=\count99
)
(/usr/share/texlive/texmf-dist/tex/latex/overpic/overpic.sty
Package: overpic 2010/09/13 v0.53  Overwriting graphics

Package: overpic v0.53 <2010/09/13> (RN)
(/usr/share/texlive/texmf-dist/tex/latex/eepic/epic.sty
Enhancements to Picture Environment. Version 1.2 - Released June 1, 1986
\@@multicnt=\count100
\d@lta=\count101
\@delta=\dimen121
\@@delta=\dimen122
\@gridcnt=\count102
\@joinkind=\count103
\@dotgap=\dimen123
\@ddotgap=\dimen124
\@x@diff=\count104
\@y@diff=\count105
\x@diff=\dimen125
\y@diff=\dimen126
\@dotbox=\box52
\num@segments=\count106
\num@segmentsi=\count107
\@datafile=\read1
)
overpic: relative positioning in percent
) (/usr/share/texlive/texmf-dist/tex/latex/base/alltt.sty
Package: alltt 1997/06/16 v2.0g defines alltt environment
)
(/usr/share/texlive/texmf-dist/tex/latex/fancyvrb/fancyvrb.sty
Package: fancyvrb 2008/02/07

Style option: `fancyvrb' v2.7a, with DG/SPQR fixes, and firstline=lastline fix 
<2008/02/07> (tvz)
\FV@CodeLineNo=\count108
\FV@InFile=\read2
\FV@TabBox=\box53
\c@FancyVerbLine=\count109
\FV@StepNumber=\count110
\FV@OutFile=\write3
) (./chap02.aux)
\openout1 = `chap02.aux'.

LaTeX Font Info:    Checking defaults for OML/cmm/m/it on input line 44.
LaTeX Font Info:    ... okay on input line 44.
LaTeX Font Info:    Checking defaults for T1/cmr/m/n on input line 44.
LaTeX Font Info:    ... okay on input line 44.
LaTeX Font Info:    Checking defaults for OT1/cmr/m/n on input line 44.
LaTeX Font Info:    ... okay on input line 44.
LaTeX Font Info:    Checking defaults for OMS/cmsy/m/n on input line 44.
LaTeX Font Info:    ... okay on input line 44.
LaTeX Font Info:    Checking defaults for OMX/cmex/m/n on input line 44.
LaTeX Font Info:    ... okay on input line 44.
LaTeX Font Info:    Checking defaults for U/cmr/m/n on input line 44.
LaTeX Font Info:    ... okay on input line 44.

*geometry* driver: auto-detecting
*geometry* detected driver: pdftex
*geometry* verbose mode - [ preamble ] result:
* driver: pdftex
* paper: <default>
* layout: <same size as paper>
* layoutoffset:(h,v)=(0.0pt,0.0pt)
* modes: landscape 
* h-part:(L,W,R)=(36.135pt, 722.7pt, 36.135pt)
* v-part:(T,H,B)=(-72.26999pt, 686.56499pt, 0.0pt)
* \paperwidth=794.96999pt
* \paperheight=614.295pt
* \textwidth=722.7pt
* \textheight=686.56499pt
* \oddsidemargin=-36.135pt
* \evensidemargin=-36.135pt
* \topmargin=-181.53998pt
* \headheight=12.0pt
* \headsep=25.0pt
* \topskip=10.0pt
* \footskip=30.0pt
* \marginparwidth=65.0pt
* \marginparsep=11.0pt
* \columnsep=10.0pt
* \skip\footins=9.0pt plus 4.0pt minus 2.0pt
* \hoffset=0.0pt
* \voffset=0.0pt
* \mag=1000
* \@twocolumnfalse
* \@twosidefalse
* \@mparswitchfalse
* \@reversemarginfalse
* (1in=72.27pt=25.4mm, 1cm=28.453pt)

(/usr/share/texlive/texmf-dist/tex/context/base/supp-pdf.mkii
[Loading MPS to PDF converter (version 2006.09.02).]
\scratchcounter=\count111
\scratchdimen=\dimen127
\scratchbox=\box54
\nofMPsegments=\count112
\nofMParguments=\count113
\everyMPshowfont=\toks16
\MPscratchCnt=\count114
\MPscratchDim=\dimen128
\MPnumerator=\count115
\makeMPintoPDFobject=\count116
\everyMPtoPDFconversion=\toks17
) (/usr/share/texlive/texmf-dist/tex/generic/oberdiek/pdftexcmds.sty
Package: pdftexcmds 2011/11/29 v0.20 Utility functions of pdfTeX for LuaTeX (HO
)

(/usr/share/texlive/texmf-dist/tex/generic/oberdiek/ifluatex.sty
Package: ifluatex 2010/03/01 v1.3 Provides the ifluatex switch (HO)
Package ifluatex Info: LuaTeX not detected.
)
Package pdftexcmds Info: LuaTeX not detected.
Package pdftexcmds Info: \pdf@primitive is available.
Package pdftexcmds Info: \pdf@ifprimitive is available.
Package pdftexcmds Info: \pdfdraftmode found.
)
(/usr/share/texlive/texmf-dist/tex/latex/oberdiek/epstopdf-base.sty
Package: epstopdf-base 2010/02/09 v2.5 Base part for package epstopdf

(/usr/share/texlive/texmf-dist/tex/latex/oberdiek/grfext.sty
Package: grfext 2010/08/19 v1.1 Manage graphics extensions (HO)

(/usr/share/texlive/texmf-dist/tex/generic/oberdiek/kvdefinekeys.sty
Package: kvdefinekeys 2011/04/07 v1.3 Define keys (HO)
))
(/usr/share/texlive/texmf-dist/tex/latex/oberdiek/kvoptions.sty
Package: kvoptions 2011/06/30 v3.11 Key value format for package options (HO)

(/usr/share/texlive/texmf-dist/tex/generic/oberdiek/kvsetkeys.sty
Package: kvsetkeys 2012/04/25 v1.16 Key value parser (HO)

(/usr/share/texlive/texmf-dist/tex/generic/oberdiek/etexcmds.sty
Package: etexcmds 2011/02/16 v1.5 Avoid name clashes with e-TeX commands (HO)
Package etexcmds Info: Could not find \expanded.
(etexcmds)             That can mean that you are not using pdfTeX 1.50 or
(etexcmds)             that some package has redefined \expanded.
(etexcmds)             In the latter case, load this package earlier.
)))
Package grfext Info: Graphics extension search list:
(grfext)             [.png,.pdf,.jpg,.mps,.jpeg,.jbig2,.jb2,.PNG,.PDF,.JPG,.JPE
G,.JBIG2,.JB2,.eps]
(grfext)             \AppendGraphicsExtensions on input line 452.

(/usr/share/texlive/texmf-dist/tex/latex/latexconfig/epstopdf-sys.cfg
File: epstopdf-sys.cfg 2010/07/13 v1.3 Configuration of (r)epstopdf for TeX Liv
e
))
[1

{/var/lib/texmf/fonts/map/pdftex/updmap/pdftex.map}]
LaTeX Font Info:    Try loading font information for OMS+cmr on input line 57.

(/usr/share/texlive/texmf-dist/tex/latex/base/omscmr.fd
File: omscmr.fd 1999/05/25 v2.5h Standard LaTeX font definitions
)
LaTeX Font Info:    Font shape `OMS/cmr/m/n' in size <20.74> not available
(Font)              Font shape `OMS/cmsy/m/n' tried instead on input line 57.
LaTeX Font Info:    External font `cmex10' loaded for size
(Font)              <20.74> on input line 60.
LaTeX Font Info:    External font `cmex10' loaded for size
(Font)              <14.4> on input line 60.
LaTeX Font Info:    External font `cmex10' loaded for size
(Font)              <12> on input line 60.
 [2] [3] [4] [5]
<chap02/p45_find_seq.pdf, id=26, 614.295pt x 794.97pt>
File: chap02/p45_find_seq.pdf Graphic file (type pdf)

<use chap02/p45_find_seq.pdf>
Package pdftex.def Info: chap02/p45_find_seq.pdf used on input line 134.
(pdftex.def)             Requested size: 921.44023pt x 1192.45209pt.

Overfull \hbox (195.48764pt too wide) in paragraph at lines 136--136
[][] 
 []


Overfull \vbox (505.88649pt too high) has occurred while \output is active []


[6 <./chap02/p45_find_seq.pdf>] [7]
<chap02/p46a_find_interfere.pdf, id=39, 614.295pt x 794.97pt>
File: chap02/p46a_find_interfere.pdf Graphic file (type pdf)

<use chap02/p46a_find_interfere.pdf>
Package pdftex.def Info: chap02/p46a_find_interfere.pdf used on input line 153.

(pdftex.def)             Requested size: 921.44023pt x 1192.45209pt.

Overfull \hbox (195.48764pt too wide) in paragraph at lines 154--154
[][] 
 []


Overfull \vbox (505.88649pt too high) has occurred while \output is active []


[8 <./chap02/p46a_find_interfere.pdf>]
<chap02/p46b_find_nothing.pdf, id=48, 614.295pt x 794.97pt>
File: chap02/p46b_find_nothing.pdf Graphic file (type pdf)

<use chap02/p46b_find_nothing.pdf>
Package pdftex.def Info: chap02/p46b_find_nothing.pdf used on input line 155.
(pdftex.def)             Requested size: 921.44023pt x 1192.45209pt.

Overfull \hbox (195.48764pt too wide) in paragraph at lines 156--156
[][] 
 []


Overfull \vbox (505.88649pt too high) has occurred while \output is active []


[9 <./chap02/p46b_find_nothing.pdf>]
<chap02/p46c_find_co_inside_while.pdf, id=57, 614.295pt x 794.97pt>
File: chap02/p46c_find_co_inside_while.pdf Graphic file (type pdf)

<use chap02/p46c_find_co_inside_while.pdf>
Package pdftex.def Info: chap02/p46c_find_co_inside_while.pdf used on input lin
e 157.
(pdftex.def)             Requested size: 921.44023pt x 1192.45209pt.

Overfull \hbox (195.48764pt too wide) in paragraph at lines 158--158
[][] 
 []


Overfull \vbox (505.88649pt too high) has occurred while \output is active []


[10 <./chap02/p46c_find_co_inside_while.pdf>]
<chap02/2_1.pdf, id=66, 614.295pt x 794.97pt>
File: chap02/2_1.pdf Graphic file (type pdf)
 <use chap02/2_1.pdf>
Package pdftex.def Info: chap02/2_1.pdf used on input line 159.
(pdftex.def)             Requested size: 921.44023pt x 1192.45209pt.

Overfull \hbox (195.48764pt too wide) in paragraph at lines 160--160
[][] 
 []


Overfull \vbox (505.88649pt too high) has occurred while \output is active []


[11 <./chap02/2_1.pdf>]
Overfull \hbox (58.23665pt too wide) in paragraph at lines 169--169
[]\OT1/cmtt/m/n/20.74 for [i = 0 to n-1] [] 
 []


Overfull \hbox (15.54683pt too wide) in paragraph at lines 170--170
[]  \OT1/cmtt/m/n/20.74 if (a[i] > m)[] 
 []

LaTeX Font Info:    Try loading font information for OMS+cmtt on input line 194
.
(/usr/share/texmf/tex/latex/R/tex/latex/omscmtt.fd
File: omscmtt.fd 
)
LaTeX Font Info:    Font shape `OMS/cmtt/m/n' in size <20.74> not available
(Font)              Font shape `OMS/cmsy/m/n' tried instead on input line 194.
 [12] [13] [14] [15]
[16] [17] [18] [19] [20] <chap02/2_2.pdf, id=106, 614.295pt x 794.97pt>
File: chap02/2_2.pdf Graphic file (type pdf)

<use chap02/2_2.pdf>
Package pdftex.def Info: chap02/2_2.pdf used on input line 362.
(pdftex.def)             Requested size: 921.44023pt x 1192.45209pt.

Overfull \hbox (195.48764pt too wide) in paragraph at lines 363--363
[][] 
 []


Overfull \vbox (505.88649pt too high) has occurred while \output is active []


[21 <./chap02/2_2.pdf>] [22]
LaTeX Font Info:    External font `cmex10' loaded for size
(Font)              <17.28> on input line 385.
 [23] [24] [25] [26] [27] [28] [29] [30] [31]
[32] [33] [34] [35] [36] [37] <chap02/2_3.pdf, id=169, 614.295pt x 794.97pt>
File: chap02/2_3.pdf Graphic file (type pdf)

<use chap02/2_3.pdf>
Package pdftex.def Info: chap02/2_3.pdf used on input line 674.
(pdftex.def)             Requested size: 921.44023pt x 1192.45209pt.

Overfull \hbox (195.48764pt too wide) in paragraph at lines 675--675
[][] 
 []


Overfull \vbox (505.88649pt too high) has occurred while \output is active []


[38 <./chap02/2_3.pdf>] [39] [40] [41] [42] [43] [44] [45]
<chap02/p63_await_co_rules.pdf, id=205, 614.295pt x 794.97pt>
File: chap02/p63_await_co_rules.pdf Graphic file (type pdf)

<use chap02/p63_await_co_rules.pdf>
Package pdftex.def Info: chap02/p63_await_co_rules.pdf used on input line 824.
(pdftex.def)             Requested size: 921.44023pt x 1192.45209pt.

Overfull \hbox (195.48764pt too wide) in paragraph at lines 825--825
[][] 
 []


Overfull \vbox (505.88649pt too high) has occurred while \output is active []


[46 <./chap02/p63_await_co_rules.pdf>] [47] [48]
Underfull \hbox (badness 10000) in paragraph at lines 878--882
[]\OT1/cmr/m/n/20.74 Let \OT1/cmtt/m/n/20.74 a \OT1/cmr/m/n/20.74 be an as-sign
-ment ac-tion in one pro-cess and let $\OML/cmm/m/it/20.74 pre\OT1/cmr/m/n/20.7
4 (\OML/cmm/m/it/20.74 a\OT1/cmr/m/n/20.74 )$ be
 []


Underfull \hbox (badness 6658) in paragraph at lines 878--882
\OT1/cmr/m/n/20.74 its pre-con-di-tion. Let $\OML/cmm/m/it/20.74 C$ \OT1/cmr/m/
n/20.74 be a crit-i-cal as-ser-tion in an-other pro-cess.
 []


Underfull \hbox (badness 4341) in paragraph at lines 878--882
\OT1/cmr/m/n/20.74 Then \OT1/cmtt/m/n/20.74 a \OT1/cmr/bx/n/20.74 does not in-t
er-fere \OT1/cmr/m/n/20.74 with $\OML/cmm/m/it/20.74 C$ \OT1/cmr/m/n/20.74 if t
he fol-low-ing is a the-o-rem:
 []


Overfull \hbox (25.00003pt too wide) in paragraph at lines 878--882
[] 
 []

[49] [50] [51] [52] [53]
Overfull \hbox (25.00003pt too wide) in paragraph at lines 977--980
[]
 []

[54]
File: chap02/2_2.pdf Graphic file (type pdf)
 <use chap02/2_2.pdf>
Package pdftex.def Info: chap02/2_2.pdf used on input line 984.
(pdftex.def)             Requested size: 921.44023pt x 1192.45209pt.

Overfull \hbox (195.48764pt too wide) in paragraph at lines 985--985
[][] 
 []


Overfull \vbox (505.88649pt too high) has occurred while \output is active []


[55] <chap02/2_4.pdf, id=245, 614.295pt x 794.97pt>
File: chap02/2_4.pdf Graphic file (type pdf)
 <use chap02/2_4.pdf>
Package pdftex.def Info: chap02/2_4.pdf used on input line 987.
(pdftex.def)             Requested size: 767.86685pt x 993.71007pt.

Overfull \hbox (42.45578pt too wide) in paragraph at lines 988--988
[][] 
 []


Overfull \vbox (307.14381pt too high) has occurred while \output is active []


[56 <./chap02/2_4.pdf>] [57] [58] [59] [60]
File: chap02/2_4.pdf Graphic file (type pdf)
 <use chap02/2_4.pdf>
Package pdftex.def Info: chap02/2_4.pdf used on input line 1046.
(pdftex.def)             Requested size: 767.86685pt x 993.71007pt.

Overfull \hbox (42.45578pt too wide) in paragraph at lines 1047--1047
[][] 
 []


Overfull \vbox (307.14381pt too high) has occurred while \output is active []


[61] [62] [63] [64] [65] [66]
File: chap02/2_4.pdf Graphic file (type pdf)
 <use chap02/2_4.pdf>
Package pdftex.def Info: chap02/2_4.pdf used on input line 1141.
(pdftex.def)             Requested size: 767.86685pt x 993.71007pt.

Overfull \hbox (42.45578pt too wide) in paragraph at lines 1142--1142
[][] 
 []

[67]
Overfull \vbox (307.14381pt too high) has occurred while \output is active []


[68] [69] (./chap02.aux) ) 
Here is how much of TeX's memory you used:
 2655 strings out of 493304
 38980 string characters out of 6139872
 121939 words of memory out of 5000000
 6084 multiletter control sequences out of 15000+600000
 8117 words of font info for 29 fonts, out of 8000000 for 9000
 957 hyphenation exceptions out of 8191
 37i,7n,23p,235b,297s stack positions out of 5000i,500n,10000p,200000b,80000s
</usr/share/texlive/texmf-dist/fonts/type1/public/ams
fonts/cm/cmbx12.pfb></usr/share/texlive/texmf-dist/fonts/type1/public/amsfonts/
cm/cmmi12.pfb></usr/share/texlive/texmf-dist/fonts/type1/public/amsfonts/cm/cmr
10.pfb></usr/share/texlive/texmf-dist/fonts/type1/public/amsfonts/cm/cmr12.pfb>
</usr/share/texlive/texmf-dist/fonts/type1/public/amsfonts/cm/cmr17.pfb></usr/s
hare/texlive/texmf-dist/fonts/type1/public/amsfonts/cm/cmsy10.pfb></usr/share/t
exlive/texmf-dist/fonts/type1/public/amsfonts/cm/cmti12.pfb></usr/share/texlive
/texmf-dist/fonts/type1/public/amsfonts/cm/cmtt12.pfb>
Output written on chap02.pdf (69 pages, 156062 bytes).
PDF statistics:
 328 PDF objects out of 1000 (max. 8388607)
 237 compressed objects within 3 object streams
 0 named destinations out of 1000 (max. 500000)
 46 words of extra memory for PDF output out of 10000 (max. 10000000)

