This is pdfTeX, Version 3.1415926-2.3-1.40.12 (MiKTeX 2.9) (preloaded format=pdflatex 2012.3.7)  15 FEB 2013 21:48
entering extended mode
**chap03
(C:\Users\matthews\Documents\csci322\lectures\andrews\chap03.tex
LaTeX2e <2011/06/27>
Babel <v3.8m> and hyphenation patterns for english, afrikaans, ancientgreek, ar
abic, armenian, assamese, basque, bengali, bokmal, bulgarian, catalan, coptic, 
croatian, czech, danish, dutch, esperanto, estonian, farsi, finnish, french, ga
lician, german, german-x-2009-06-19, greek, gujarati, hindi, hungarian, iceland
ic, indonesian, interlingua, irish, italian, kannada, kurmanji, lao, latin, lat
vian, lithuanian, malayalam, marathi, mongolian, mongolianlmc, monogreek, ngerm
an, ngerman-x-2009-06-19, nynorsk, oriya, panjabi, pinyin, polish, portuguese, 
romanian, russian, sanskrit, serbian, slovak, slovenian, spanish, swedish, swis
sgerman, tamil, telugu, turkish, turkmen, ukenglish, ukrainian, uppersorbian, u
senglishmax, welsh, loaded.
("C:\Program Files (x86)\MiKTeX 2.9\tex\latex\base\article.cls"
Document Class: article 2007/10/19 v1.4h Standard LaTeX document class
("C:\Program Files (x86)\MiKTeX 2.9\tex\latex\base\size10.clo"
File: size10.clo 2007/10/19 v1.4h Standard LaTeX file (size option)
)
\c@part=\count79
\c@section=\count80
\c@subsection=\count81
\c@subsubsection=\count82
\c@paragraph=\count83
\c@subparagraph=\count84
\c@figure=\count85
\c@table=\count86
\abovecaptionskip=\skip41
\belowcaptionskip=\skip42
\bibindent=\dimen102
)
("C:\Program Files (x86)\MiKTeX 2.9\tex\latex\geometry\geometry.sty"
Package: geometry 2010/09/12 v5.6 Page Geometry

("C:\Program Files (x86)\MiKTeX 2.9\tex\latex\graphics\keyval.sty"
Package: keyval 1999/03/16 v1.13 key=value parser (DPC)
\KV@toks@=\toks14
)
("C:\Program Files (x86)\MiKTeX 2.9\tex\generic\oberdiek\ifpdf.sty"
Package: ifpdf 2011/01/30 v2.3 Provides the ifpdf switch (HO)
Package ifpdf Info: pdfTeX in PDF mode is detected.
)
("C:\Program Files (x86)\MiKTeX 2.9\tex\generic\oberdiek\ifvtex.sty"
Package: ifvtex 2010/03/01 v1.5 Switches for detecting VTeX and its modes (HO)
Package ifvtex Info: VTeX not detected.
)
("C:\Program Files (x86)\MiKTeX 2.9\tex\generic\ifxetex\ifxetex.sty"
Package: ifxetex 2010/09/12 v0.6 Provides ifxetex conditional
)
\Gm@cnth=\count87
\Gm@cntv=\count88
\c@Gm@tempcnt=\count89
\Gm@bindingoffset=\dimen103
\Gm@wd@mp=\dimen104
\Gm@odd@mp=\dimen105
\Gm@even@mp=\dimen106
\Gm@layoutwidth=\dimen107
\Gm@layoutheight=\dimen108
\Gm@layouthoffset=\dimen109
\Gm@layoutvoffset=\dimen110
\Gm@dimlist=\toks15

("C:\Program Files (x86)\MiKTeX 2.9\tex\latex\geometry\geometry.cfg"))
("C:\Program Files (x86)\MiKTeX 2.9\tex\latex\graphics\graphicx.sty"
Package: graphicx 1999/02/16 v1.0f Enhanced LaTeX Graphics (DPC,SPQR)

("C:\Program Files (x86)\MiKTeX 2.9\tex\latex\graphics\graphics.sty"
Package: graphics 2009/02/05 v1.0o Standard LaTeX Graphics (DPC,SPQR)

("C:\Program Files (x86)\MiKTeX 2.9\tex\latex\graphics\trig.sty"
Package: trig 1999/03/16 v1.09 sin cos tan (DPC)
)
("C:\Program Files (x86)\MiKTeX 2.9\tex\latex\00miktex\graphics.cfg"
File: graphics.cfg 2007/01/18 v1.5 graphics configuration of teTeX/TeXLive
)
Package graphics Info: Driver file: pdftex.def on input line 91.

("C:\Program Files (x86)\MiKTeX 2.9\tex\latex\pdftex-def\pdftex.def"
File: pdftex.def 2011/05/27 v0.06d Graphics/color for pdfTeX

("C:\Program Files (x86)\MiKTeX 2.9\tex\generic\oberdiek\infwarerr.sty"
Package: infwarerr 2010/04/08 v1.3 Providing info/warning/message (HO)
)
("C:\Program Files (x86)\MiKTeX 2.9\tex\generic\oberdiek\ltxcmds.sty"
Package: ltxcmds 2011/04/18 v1.20 LaTeX kernel commands for general use (HO)
)
\Gread@gobject=\count90
))
\Gin@req@height=\dimen111
\Gin@req@width=\dimen112
)
("C:\Program Files (x86)\MiKTeX 2.9\tex\latex\tools\multicol.sty"
Package: multicol 2011/06/27 v1.7a multicolumn formatting (FMi)
\c@tracingmulticols=\count91
\mult@box=\box26
\multicol@leftmargin=\dimen113
\c@unbalance=\count92
\c@collectmore=\count93
\doublecol@number=\count94
\multicoltolerance=\count95
\multicolpretolerance=\count96
\full@width=\dimen114
\page@free=\dimen115
\premulticols=\dimen116
\postmulticols=\dimen117
\multicolsep=\skip43
\multicolbaselineskip=\skip44
\partial@page=\box27
\last@line=\box28
\mult@rightbox=\box29
\mult@grightbox=\box30
\mult@gfirstbox=\box31
\mult@firstbox=\box32
\@tempa=\box33
\@tempa=\box34
\@tempa=\box35
\@tempa=\box36
\@tempa=\box37
\@tempa=\box38
\@tempa=\box39
\@tempa=\box40
\@tempa=\box41
\@tempa=\box42
\@tempa=\box43
\@tempa=\box44
\@tempa=\box45
\@tempa=\box46
\@tempa=\box47
\@tempa=\box48
\@tempa=\box49
\c@columnbadness=\count97
\c@finalcolumnbadness=\count98
\last@try=\dimen118
\multicolovershoot=\dimen119
\multicolundershoot=\dimen120
\mult@nat@firstbox=\box50
\colbreak@box=\box51
\multicol@sort@counter=\count99
)
(C:\Users\matthews\AppData\Roaming\MiKTeX\2.9\tex\latex\overpic\overpic.sty
Package: overpic 2010/09/13 v0.53  Overwriting graphics

Package: overpic v0.53 <2010/09/13> (RN)
(C:\Users\matthews\AppData\Roaming\MiKTeX\2.9\tex\latex\eepic\epic.sty
Enhancements to Picture Environment. Version 1.2 - Released June 1, 1986
\@@multicnt=\count100
\d@lta=\count101
\@delta=\dimen121
\@@delta=\dimen122
\@gridcnt=\count102
\@joinkind=\count103
\@dotgap=\dimen123
\@ddotgap=\dimen124
\@x@diff=\count104
\@y@diff=\count105
\x@diff=\dimen125
\y@diff=\dimen126
\@dotbox=\box52
\num@segments=\count106
\num@segmentsi=\count107
\@datafile=\read1
)
overpic: relative positioning in percent
) (C:\Users\matthews\AppData\Roaming\MiKTeX\2.9\tex\latex\fancyvrb\fancyvrb.sty
Package: fancyvrb 2008/02/07

Style option: `fancyvrb' v2.7a, with DG/SPQR fixes, and firstline=lastline fix 
<2008/02/07> (tvz)
\FV@CodeLineNo=\count108
\FV@InFile=\read2
\FV@TabBox=\box53
\c@FancyVerbLine=\count109
\FV@StepNumber=\count110
\FV@OutFile=\write3
)
(C:\Users\matthews\Documents\csci322\lectures\andrews\chap03.aux)
LaTeX Font Info:    Checking defaults for OML/cmm/m/it on input line 42.
LaTeX Font Info:    ... okay on input line 42.
LaTeX Font Info:    Checking defaults for T1/cmr/m/n on input line 42.
LaTeX Font Info:    ... okay on input line 42.
LaTeX Font Info:    Checking defaults for OT1/cmr/m/n on input line 42.
LaTeX Font Info:    ... okay on input line 42.
LaTeX Font Info:    Checking defaults for OMS/cmsy/m/n on input line 42.
LaTeX Font Info:    ... okay on input line 42.
LaTeX Font Info:    Checking defaults for OMX/cmex/m/n on input line 42.
LaTeX Font Info:    ... okay on input line 42.
LaTeX Font Info:    Checking defaults for U/cmr/m/n on input line 42.
LaTeX Font Info:    ... okay on input line 42.

*geometry* driver: auto-detecting
*geometry* detected driver: pdftex
*geometry* verbose mode - [ preamble ] result:
* driver: pdftex
* paper: <default>
* layout: <same size as paper>
* layoutoffset:(h,v)=(0.0pt,0.0pt)
* modes: landscape 
* h-part:(L,W,R)=(36.135pt, 722.7pt, 36.135pt)
* v-part:(T,H,B)=(-72.26999pt, 686.56499pt, 0.0pt)
* \paperwidth=794.96999pt
* \paperheight=614.295pt
* \textwidth=722.7pt
* \textheight=686.56499pt
* \oddsidemargin=-36.135pt
* \evensidemargin=-36.135pt
* \topmargin=-181.53998pt
* \headheight=12.0pt
* \headsep=25.0pt
* \topskip=10.0pt
* \footskip=30.0pt
* \marginparwidth=65.0pt
* \marginparsep=11.0pt
* \columnsep=10.0pt
* \skip\footins=9.0pt plus 4.0pt minus 2.0pt
* \hoffset=0.0pt
* \voffset=0.0pt
* \mag=1000
* \@twocolumnfalse
* \@twosidefalse
* \@mparswitchfalse
* \@reversemarginfalse
* (1in=72.27pt=25.4mm, 1cm=28.453pt)

(C:\Users\matthews\AppData\Roaming\MiKTeX\2.9\tex\context\base\supp-pdf.mkii
[Loading MPS to PDF converter (version 2006.09.02).]
\scratchcounter=\count111
\scratchdimen=\dimen127
\scratchbox=\box54
\nofMPsegments=\count112
\nofMParguments=\count113
\everyMPshowfont=\toks16
\MPscratchCnt=\count114
\MPscratchDim=\dimen128
\MPnumerator=\count115
\makeMPintoPDFobject=\count116
\everyMPtoPDFconversion=\toks17
) [1

{C:/Users/matthews/AppData/Local/MiKTeX/2.9/pdftex/config/pdftex.map}]
LaTeX Font Info:    Try loading font information for OMS+cmr on input line 55.

("C:\Program Files (x86)\MiKTeX 2.9\tex\latex\base\omscmr.fd"
File: omscmr.fd 1999/05/25 v2.5h Standard LaTeX font definitions
)
LaTeX Font Info:    Font shape `OMS/cmr/m/n' in size <20.74> not available
(Font)              Font shape `OMS/cmsy/m/n' tried instead on input line 55.
 [2]
<chap03/3_01.pdf, id=12, 614.295pt x 794.97pt>
File: chap03/3_01.pdf Graphic file (type pdf)
 <use chap03/3_01.pdf>
Package pdftex.def Info: chap03/3_01.pdf used on input line 65.
(pdftex.def)             Requested size: 921.44023pt x 1192.45209pt.

Overfull \hbox (195.48764pt too wide) in paragraph at lines 66--66
[][] 
 []


Overfull \vbox (505.88649pt too high) has occurred while \output is active []


[3 <C:/Users/matthews/Documents/csci322/lectures/andrews/chap03/3_01.pdf>]
<chap03/3_02.pdf, id=25, 614.295pt x 794.97pt>
File: chap03/3_02.pdf Graphic file (type pdf)
 <use chap03/3_02.pdf>
Package pdftex.def Info: chap03/3_02.pdf used on input line 68.
(pdftex.def)             Requested size: 921.44023pt x 1192.45209pt.

Overfull \hbox (195.48764pt too wide) in paragraph at lines 69--69
[][] 
 []


Overfull \vbox (505.88649pt too high) has occurred while \output is active []


[4 <C:/Users/matthews/Documents/csci322/lectures/andrews/chap03/3_02.pdf>]
LaTeX Font Info:    Try loading font information for OMS+cmtt on input line 74.

LaTeX Font Info:    No file OMScmtt.fd. on input line 74.


LaTeX Font Warning: Font shape `OMS/cmtt/m/n' undefined
(Font)              using `OMS/cmsy/m/n' instead
(Font)              for symbol `textbraceleft' on input line 74.

LaTeX Font Info:    External font `cmex10' loaded for size
(Font)              <20.74> on input line 75.
LaTeX Font Info:    External font `cmex10' loaded for size
(Font)              <14.4> on input line 75.
LaTeX Font Info:    External font `cmex10' loaded for size
(Font)              <12> on input line 75.
<chap03/3_03.pdf, id=36, 614.295pt x 794.97pt>
File: chap03/3_03.pdf Graphic file (type pdf)
 <use chap03/3_03.pdf>
Package pdftex.def Info: chap03/3_03.pdf used on input line 84.
(pdftex.def)             Requested size: 921.44023pt x 1192.45209pt.

Overfull \hbox (195.48764pt too wide) in paragraph at lines 87--87
[][] 
 []

[5]
Overfull \vbox (505.88649pt too high) has occurred while \output is active []


[6 <C:/Users/matthews/Documents/csci322/lectures/andrews/chap03/3_03.pdf>]
<chap03/3_04.pdf, id=50, 614.295pt x 794.97pt>
File: chap03/3_04.pdf Graphic file (type pdf)
 <use chap03/3_04.pdf>
Package pdftex.def Info: chap03/3_04.pdf used on input line 92.
(pdftex.def)             Requested size: 921.44023pt x 1192.45209pt.

Overfull \hbox (195.48764pt too wide) in paragraph at lines 93--93
[][] 
 []


Overfull \vbox (505.88649pt too high) has occurred while \output is active []


[7 <C:/Users/matthews/Documents/csci322/lectures/andrews/chap03/3_04.pdf>]
[8] [9] [10] [11] <chap03/3_05.pdf, id=73, 614.295pt x 794.97pt>
File: chap03/3_05.pdf Graphic file (type pdf)

<use chap03/3_05.pdf>
Package pdftex.def Info: chap03/3_05.pdf used on input line 201.
(pdftex.def)             Requested size: 921.44023pt x 1192.45209pt.

Overfull \hbox (195.48764pt too wide) in paragraph at lines 202--202
[][] 
 []

[12]
Overfull \vbox (505.88649pt too high) has occurred while \output is active []


[13 <C:/Users/matthews/Documents/csci322/lectures/andrews/chap03/3_05.pdf>]
<chap03/3_06.pdf, id=88, 614.295pt x 794.97pt>
File: chap03/3_06.pdf Graphic file (type pdf)
 <use chap03/3_06.pdf>
Package pdftex.def Info: chap03/3_06.pdf used on input line 203.
(pdftex.def)             Requested size: 921.44023pt x 1192.45209pt.

Overfull \hbox (195.48764pt too wide) in paragraph at lines 204--204
[][] 
 []


Overfull \vbox (505.88649pt too high) has occurred while \output is active []


[14 <C:/Users/matthews/Documents/csci322/lectures/andrews/chap03/3_06.pdf>]
<chap03/3_07.pdf, id=98, 614.295pt x 794.97pt>
File: chap03/3_07.pdf Graphic file (type pdf)
 <use chap03/3_07.pdf>
Package pdftex.def Info: chap03/3_07.pdf used on input line 205.
(pdftex.def)             Requested size: 921.44023pt x 1192.45209pt.

Overfull \hbox (195.48764pt too wide) in paragraph at lines 206--206
[][] 
 []


Overfull \vbox (505.88649pt too high) has occurred while \output is active []


[15 <C:/Users/matthews/Documents/csci322/lectures/andrews/chap03/3_07.pdf>]
[16] <chap03/3_08.pdf, id=113, 614.295pt x 794.97pt>
File: chap03/3_08.pdf Graphic file (type pdf)
 <use chap03/3_08.pdf>
Package pdftex.def Info: chap03/3_08.pdf used on input line 223.
(pdftex.def)             Requested size: 921.44023pt x 1192.45209pt.

Overfull \hbox (195.48764pt too wide) in paragraph at lines 224--224
[][] 
 []


Overfull \vbox (505.88649pt too high) has occurred while \output is active []


[17 <C:/Users/matthews/Documents/csci322/lectures/andrews/chap03/3_08.pdf>]
[18] <chap03/3_09.pdf, id=128, 614.295pt x 794.97pt>
File: chap03/3_09.pdf Graphic file (type pdf)
 <use chap03/3_09.pdf>
Package pdftex.def Info: chap03/3_09.pdf used on input line 233.
(pdftex.def)             Requested size: 921.44023pt x 1192.45209pt.

Overfull \hbox (195.48764pt too wide) in paragraph at lines 234--234
[][] 
 []


Overfull \vbox (505.88649pt too high) has occurred while \output is active []


[19 <C:/Users/matthews/Documents/csci322/lectures/andrews/chap03/3_09.pdf>]
[20] <chap03/3_10.pdf, id=142, 614.295pt x 794.97pt>
File: chap03/3_10.pdf Graphic file (type pdf)
 <use chap03/3_10.pdf>
Package pdftex.def Info: chap03/3_10.pdf used on input line 251.
(pdftex.def)             Requested size: 921.44023pt x 1192.45209pt.

Overfull \hbox (195.48764pt too wide) in paragraph at lines 254--254
[][] 
 []


Overfull \vbox (505.88649pt too high) has occurred while \output is active []


[21 <C:/Users/matthews/Documents/csci322/lectures/andrews/chap03/3_10.pdf>]
[22] [23] [24] [25] [26] <chap03/3_11.pdf, id=170, 614.295pt x 794.97pt>
File: chap03/3_11.pdf Graphic file (type pdf)

<use chap03/3_11.pdf>
Package pdftex.def Info: chap03/3_11.pdf used on input line 345.
(pdftex.def)             Requested size: 921.44023pt x 1192.45209pt.

Overfull \hbox (195.48764pt too wide) in paragraph at lines 346--346
[][] 
 []


Overfull \vbox (505.88649pt too high) has occurred while \output is active []


[27 <C:/Users/matthews/Documents/csci322/lectures/andrews/chap03/3_11.pdf>]
[28] <chap03/p116_counter_barrier.pdf, id=183, 614.295pt x 794.97pt>
File: chap03/p116_counter_barrier.pdf Graphic file (type pdf)

<use chap03/p116_counter_barrier.pdf>
Package pdftex.def Info: chap03/p116_counter_barrier.pdf used on input line 373
.
(pdftex.def)             Requested size: 921.44023pt x 1192.45209pt.

Overfull \hbox (195.48764pt too wide) in paragraph at lines 380--380
[][] 
 []


Overfull \vbox (505.88649pt too high) has occurred while \output is active []


[29 <C:/Users/matthews/Documents/csci322/lectures/andrews/chap03/p116_counter_b
arrier.pdf>] [30] <chap03/3_12.pdf, id=196, 614.295pt x 794.97pt>
File: chap03/3_12.pdf Graphic file (type pdf)

<use chap03/3_12.pdf>
Package pdftex.def Info: chap03/3_12.pdf used on input line 415.
(pdftex.def)             Requested size: 767.86685pt x 993.71007pt.

Overfull \hbox (42.45578pt too wide) in paragraph at lines 420--420
[][] 
 []

[31]
Overfull \vbox (307.14381pt too high) has occurred while \output is active []


[32 <C:/Users/matthews/Documents/csci322/lectures/andrews/chap03/3_12.pdf>]
<chap03/3_13.pdf, id=211, 614.295pt x 794.97pt>
File: chap03/3_13.pdf Graphic file (type pdf)
 <use chap03/3_13.pdf>
Package pdftex.def Info: chap03/3_13.pdf used on input line 423.
(pdftex.def)             Requested size: 921.44023pt x 1192.45209pt.

Overfull \hbox (195.48764pt too wide) in paragraph at lines 425--425
[][] 
 []


Overfull \vbox (505.88649pt too high) has occurred while \output is active []


[33 <C:/Users/matthews/Documents/csci322/lectures/andrews/chap03/3_13.pdf>]
<chap03/3_14.pdf, id=224, 614.295pt x 794.97pt>
File: chap03/3_14.pdf Graphic file (type pdf)
 <use chap03/3_14.pdf>
Package pdftex.def Info: chap03/3_14.pdf used on input line 427.
(pdftex.def)             Requested size: 921.44023pt x 1192.45209pt.

Overfull \hbox (195.48764pt too wide) in paragraph at lines 430--430
[][] 
 []


Overfull \vbox (505.88649pt too high) has occurred while \output is active []


[34 <C:/Users/matthews/Documents/csci322/lectures/andrews/chap03/3_14.pdf>]
<chap03/p121_sym_barrier.pdf, id=235, 614.295pt x 794.97pt>
File: chap03/p121_sym_barrier.pdf Graphic file (type pdf)

<use chap03/p121_sym_barrier.pdf>
Package pdftex.def Info: chap03/p121_sym_barrier.pdf used on input line 433.
(pdftex.def)             Requested size: 921.44023pt x 1192.45209pt.

Overfull \hbox (195.48764pt too wide) in paragraph at lines 441--441
[][] 
 []


Overfull \vbox (505.88649pt too high) has occurred while \output is active []


[35 <C:/Users/matthews/Documents/csci322/lectures/andrews/chap03/p121_sym_barri
er.pdf>] <chap03/3_15.pdf, id=245, 614.295pt x 794.97pt>
File: chap03/3_15.pdf Graphic file (type pdf)
 <use chap03/3_15.pdf>
Package pdftex.def Info: chap03/3_15.pdf used on input line 443.
(pdftex.def)             Requested size: 921.44023pt x 1192.45209pt.

Overfull \hbox (195.48764pt too wide) in paragraph at lines 447--447
[][] 
 []


Overfull \vbox (505.88649pt too high) has occurred while \output is active []


[36 <C:/Users/matthews/Documents/csci322/lectures/andrews/chap03/3_15.pdf>]
<chap03/3_16.pdf, id=259, 614.295pt x 794.97pt>
File: chap03/3_16.pdf Graphic file (type pdf)
 <use chap03/3_16.pdf>
Package pdftex.def Info: chap03/3_16.pdf used on input line 449.
(pdftex.def)             Requested size: 921.44023pt x 1192.45209pt.

Overfull \hbox (195.48764pt too wide) in paragraph at lines 455--455
[][] 
 []


Overfull \vbox (505.88649pt too high) has occurred while \output is active []


[37 <C:/Users/matthews/Documents/csci322/lectures/andrews/chap03/3_16.pdf>]
File: chap03/3_15.pdf Graphic file (type pdf)

<use chap03/3_15.pdf>
Package pdftex.def Info: chap03/3_15.pdf used on input line 457.
(pdftex.def)             Requested size: 921.44023pt x 1192.45209pt.

Overfull \hbox (195.48764pt too wide) in paragraph at lines 464--464
[][] 
 []


Overfull \vbox (505.88649pt too high) has occurred while \output is active []


[38] [39] <chap03/3_17.pdf, id=280, 614.295pt x 794.97pt>
File: chap03/3_17.pdf Graphic file (type pdf)

<use chap03/3_17.pdf>
Package pdftex.def Info: chap03/3_17.pdf used on input line 495.
(pdftex.def)             Requested size: 921.44023pt x 1192.45209pt.

Overfull \hbox (195.48764pt too wide) in paragraph at lines 501--501
[][] 
 []

[40]
Overfull \vbox (505.88649pt too high) has occurred while \output is active []


[41 <C:/Users/matthews/Documents/csci322/lectures/andrews/chap03/3_17.pdf>]
<chap03/3_18.pdf, id=294, 614.295pt x 794.97pt>
File: chap03/3_18.pdf Graphic file (type pdf)
 <use chap03/3_18.pdf>
Package pdftex.def Info: chap03/3_18.pdf used on input line 504.
(pdftex.def)             Requested size: 921.44023pt x 1192.45209pt.

Overfull \hbox (195.48764pt too wide) in paragraph at lines 506--506
[][] 
 []


Overfull \vbox (505.88649pt too high) has occurred while \output is active []


[42 <C:/Users/matthews/Documents/csci322/lectures/andrews/chap03/3_18.pdf>]
<chap03/3_19.pdf, id=305, 614.295pt x 794.97pt>
File: chap03/3_19.pdf Graphic file (type pdf)
 <use chap03/3_19.pdf>
Package pdftex.def Info: chap03/3_19.pdf used on input line 508.
(pdftex.def)             Requested size: 921.44023pt x 1192.45209pt.

Overfull \hbox (195.48764pt too wide) in paragraph at lines 513--513
[][] 
 []


Overfull \vbox (505.88649pt too high) has occurred while \output is active []


[43 <C:/Users/matthews/Documents/csci322/lectures/andrews/chap03/3_19.pdf>]
<chap03/p131_partial_sums_SIMD.pdf, id=316, 614.295pt x 794.97pt>
File: chap03/p131_partial_sums_SIMD.pdf Graphic file (type pdf)

<use chap03/p131_partial_sums_SIMD.pdf>
Package pdftex.def Info: chap03/p131_partial_sums_SIMD.pdf used on input line 5
15.
(pdftex.def)             Requested size: 921.44023pt x 1192.45209pt.

Overfull \hbox (195.48764pt too wide) in paragraph at lines 522--522
[][] 
 []


Overfull \vbox (505.88649pt too high) has occurred while \output is active []


[44 <C:/Users/matthews/Documents/csci322/lectures/andrews/chap03/p131_partial_s
ums_SIMD.pdf>] <chap03/p132_bag_of_tasks.pdf, id=325, 614.295pt x 794.97pt>
File: chap03/p132_bag_of_tasks.pdf Graphic file (type pdf)

<use chap03/p132_bag_of_tasks.pdf>
Package pdftex.def Info: chap03/p132_bag_of_tasks.pdf used on input line 525.
(pdftex.def)             Requested size: 921.44023pt x 1192.45209pt.

Overfull \hbox (195.48764pt too wide) in paragraph at lines 531--531
[][] 
 []


Overfull \vbox (505.88649pt too high) has occurred while \output is active []


[45 <C:/Users/matthews/Documents/csci322/lectures/andrews/chap03/p132_bag_of_ta
sks.pdf>] <chap03/3_20.pdf, id=334, 614.295pt x 794.97pt>
File: chap03/3_20.pdf Graphic file (type pdf)

<use chap03/3_20.pdf>
Package pdftex.def Info: chap03/3_20.pdf used on input line 533.
(pdftex.def)             Requested size: 921.44023pt x 1192.45209pt.

Overfull \hbox (195.48764pt too wide) in paragraph at lines 534--534
[][] 
 []


Overfull \vbox (505.88649pt too high) has occurred while \output is active []


[46 <C:/Users/matthews/Documents/csci322/lectures/andrews/chap03/3_20.pdf>]
<chap03/3_21.pdf, id=345, 614.295pt x 794.97pt>
File: chap03/3_21.pdf Graphic file (type pdf)
 <use chap03/3_21.pdf>
Package pdftex.def Info: chap03/3_21.pdf used on input line 536.
(pdftex.def)             Requested size: 767.86685pt x 993.71007pt.

Overfull \hbox (42.45578pt too wide) in paragraph at lines 538--538
[][] 
 []


Overfull \vbox (307.14381pt too high) has occurred while \output is active []


[47 <C:/Users/matthews/Documents/csci322/lectures/andrews/chap03/3_21.pdf>]
(C:\Users\matthews\Documents\csci322\lectures\andrews\chap03.aux)

LaTeX Font Warning: Some font shapes were not available, defaults substituted.

 ) 
Here is how much of TeX's memory you used:
 2353 strings out of 494045
 34178 string characters out of 3145961
 96139 words of memory out of 3000000
 5630 multiletter control sequences out of 15000+200000
 7372 words of font info for 27 fonts, out of 3000000 for 9000
 715 hyphenation exceptions out of 8191
 27i,6n,19p,235b,548s stack positions out of 5000i,500n,10000p,200000b,50000s
<C:/Program Files (x86)/MiKTeX 2.9/fonts/type1/public/amsfonts/cm/cmbx12.pfb>
<C:/Program Files (x86)/MiKTeX 2.9/fonts/type1/public/amsfonts/cm/cmmi12.pfb><C
:/Program Files (x86)/MiKTeX 2.9/fonts/type1/public/amsfonts/cm/cmr10.pfb><C:/P
rogram Files (x86)/MiKTeX 2.9/fonts/type1/public/amsfonts/cm/cmr12.pfb><C:/Prog
ram Files (x86)/MiKTeX 2.9/fonts/type1/public/amsfonts/cm/cmr17.pfb><C:/Program
 Files (x86)/MiKTeX 2.9/fonts/type1/public/amsfonts/cm/cmsy10.pfb><C:/Program F
iles (x86)/MiKTeX 2.9/fonts/type1/public/amsfonts/cm/cmti12.pfb><C:/Program Fil
es (x86)/MiKTeX 2.9/fonts/type1/public/amsfonts/cm/cmtt12.pfb>
Output written on chap03.pdf (47 pages, 182701 bytes).
PDF statistics:
 384 PDF objects out of 1000 (max. 8388607)
 0 named destinations out of 1000 (max. 500000)
 126 words of extra memory for PDF output out of 10000 (max. 10000000)

