This is pdfTeX, Version 3.1415926-2.3-1.40.12 (MiKTeX 2.9) (preloaded format=pdflatex 2012.3.7)  21 JAN 2013 23:26
entering extended mode
**chap07
(C:\Users\matthews\Documents\csci322\andrews\textfigures\chap07.tex
LaTeX2e <2011/06/27>
Babel <v3.8m> and hyphenation patterns for english, afrikaans, ancientgreek, ar
abic, armenian, assamese, basque, bengali, bokmal, bulgarian, catalan, coptic, 
croatian, czech, danish, dutch, esperanto, estonian, farsi, finnish, french, ga
lician, german, german-x-2009-06-19, greek, gujarati, hindi, hungarian, iceland
ic, indonesian, interlingua, irish, italian, kannada, kurmanji, lao, latin, lat
vian, lithuanian, malayalam, marathi, mongolian, mongolianlmc, monogreek, ngerm
an, ngerman-x-2009-06-19, nynorsk, oriya, panjabi, pinyin, polish, portuguese, 
romanian, russian, sanskrit, serbian, slovak, slovenian, spanish, swedish, swis
sgerman, tamil, telugu, turkish, turkmen, ukenglish, ukrainian, uppersorbian, u
senglishmax, welsh, loaded.
("C:\Program Files (x86)\MiKTeX 2.9\tex\latex\base\article.cls"
Document Class: article 2007/10/19 v1.4h Standard LaTeX document class
("C:\Program Files (x86)\MiKTeX 2.9\tex\latex\base\size10.clo"
File: size10.clo 2007/10/19 v1.4h Standard LaTeX file (size option)
)
\c@part=\count79
\c@section=\count80
\c@subsection=\count81
\c@subsubsection=\count82
\c@paragraph=\count83
\c@subparagraph=\count84
\c@figure=\count85
\c@table=\count86
\abovecaptionskip=\skip41
\belowcaptionskip=\skip42
\bibindent=\dimen102
)
("C:\Program Files (x86)\MiKTeX 2.9\tex\latex\geometry\geometry.sty"
Package: geometry 2010/09/12 v5.6 Page Geometry

("C:\Program Files (x86)\MiKTeX 2.9\tex\latex\graphics\keyval.sty"
Package: keyval 1999/03/16 v1.13 key=value parser (DPC)
\KV@toks@=\toks14
)
("C:\Program Files (x86)\MiKTeX 2.9\tex\generic\oberdiek\ifpdf.sty"
Package: ifpdf 2011/01/30 v2.3 Provides the ifpdf switch (HO)
Package ifpdf Info: pdfTeX in PDF mode is detected.
)
("C:\Program Files (x86)\MiKTeX 2.9\tex\generic\oberdiek\ifvtex.sty"
Package: ifvtex 2010/03/01 v1.5 Switches for detecting VTeX and its modes (HO)
Package ifvtex Info: VTeX not detected.
)
("C:\Program Files (x86)\MiKTeX 2.9\tex\generic\ifxetex\ifxetex.sty"
Package: ifxetex 2010/09/12 v0.6 Provides ifxetex conditional
)
\Gm@cnth=\count87
\Gm@cntv=\count88
\c@Gm@tempcnt=\count89
\Gm@bindingoffset=\dimen103
\Gm@wd@mp=\dimen104
\Gm@odd@mp=\dimen105
\Gm@even@mp=\dimen106
\Gm@layoutwidth=\dimen107
\Gm@layoutheight=\dimen108
\Gm@layouthoffset=\dimen109
\Gm@layoutvoffset=\dimen110
\Gm@dimlist=\toks15

("C:\Program Files (x86)\MiKTeX 2.9\tex\latex\geometry\geometry.cfg"))
("C:\Program Files (x86)\MiKTeX 2.9\tex\latex\graphics\graphicx.sty"
Package: graphicx 1999/02/16 v1.0f Enhanced LaTeX Graphics (DPC,SPQR)

("C:\Program Files (x86)\MiKTeX 2.9\tex\latex\graphics\graphics.sty"
Package: graphics 2009/02/05 v1.0o Standard LaTeX Graphics (DPC,SPQR)

("C:\Program Files (x86)\MiKTeX 2.9\tex\latex\graphics\trig.sty"
Package: trig 1999/03/16 v1.09 sin cos tan (DPC)
)
("C:\Program Files (x86)\MiKTeX 2.9\tex\latex\00miktex\graphics.cfg"
File: graphics.cfg 2007/01/18 v1.5 graphics configuration of teTeX/TeXLive
)
Package graphics Info: Driver file: pdftex.def on input line 91.

("C:\Program Files (x86)\MiKTeX 2.9\tex\latex\pdftex-def\pdftex.def"
File: pdftex.def 2011/05/27 v0.06d Graphics/color for pdfTeX

("C:\Program Files (x86)\MiKTeX 2.9\tex\generic\oberdiek\infwarerr.sty"
Package: infwarerr 2010/04/08 v1.3 Providing info/warning/message (HO)
)
("C:\Program Files (x86)\MiKTeX 2.9\tex\generic\oberdiek\ltxcmds.sty"
Package: ltxcmds 2011/04/18 v1.20 LaTeX kernel commands for general use (HO)
)
\Gread@gobject=\count90
))
\Gin@req@height=\dimen111
\Gin@req@width=\dimen112
)
(C:\Users\matthews\Documents\csci322\andrews\textfigures\chap07.aux)
LaTeX Font Info:    Checking defaults for OML/cmm/m/it on input line 19.
LaTeX Font Info:    ... okay on input line 19.
LaTeX Font Info:    Checking defaults for T1/cmr/m/n on input line 19.
LaTeX Font Info:    ... okay on input line 19.
LaTeX Font Info:    Checking defaults for OT1/cmr/m/n on input line 19.
LaTeX Font Info:    ... okay on input line 19.
LaTeX Font Info:    Checking defaults for OMS/cmsy/m/n on input line 19.
LaTeX Font Info:    ... okay on input line 19.
LaTeX Font Info:    Checking defaults for OMX/cmex/m/n on input line 19.
LaTeX Font Info:    ... okay on input line 19.
LaTeX Font Info:    Checking defaults for U/cmr/m/n on input line 19.
LaTeX Font Info:    ... okay on input line 19.

*geometry* driver: auto-detecting
*geometry* detected driver: pdftex
*geometry* verbose mode - [ preamble ] result:
* driver: pdftex
* paper: <default>
* layout: <same size as paper>
* layoutoffset:(h,v)=(0.0pt,0.0pt)
* modes: 
* h-part:(L,W,R)=(0.0pt, 614.295pt, 0.0pt)
* v-part:(T,H,B)=(0.0pt, 794.96999pt, 0.0pt)
* \paperwidth=614.295pt
* \paperheight=794.96999pt
* \textwidth=614.295pt
* \textheight=794.96999pt
* \oddsidemargin=-72.26999pt
* \evensidemargin=-72.26999pt
* \topmargin=-109.26999pt
* \headheight=12.0pt
* \headsep=25.0pt
* \topskip=10.0pt
* \footskip=30.0pt
* \marginparwidth=65.0pt
* \marginparsep=11.0pt
* \columnsep=10.0pt
* \skip\footins=9.0pt plus 4.0pt minus 2.0pt
* \hoffset=0.0pt
* \voffset=0.0pt
* \mag=1000
* \@twocolumnfalse
* \@twosidefalse
* \@mparswitchfalse
* \@reversemarginfalse
* (1in=72.27pt=25.4mm, 1cm=28.453pt)

(C:\Users\matthews\AppData\Roaming\MiKTeX\2.9\tex\context\base\supp-pdf.mkii
[Loading MPS to PDF converter (version 2006.09.02).]
\scratchcounter=\count91
\scratchdimen=\dimen113
\scratchbox=\box26
\nofMPsegments=\count92
\nofMParguments=\count93
\everyMPshowfont=\toks16
\MPscratchCnt=\count94
\MPscratchDim=\dimen114
\MPnumerator=\count95
\makeMPintoPDFobject=\count96
\everyMPtoPDFconversion=\toks17
)
LaTeX Font Info:    External font `cmex10' loaded for size
(Font)              <12> on input line 20.
LaTeX Font Info:    External font `cmex10' loaded for size
(Font)              <8> on input line 20.
LaTeX Font Info:    External font `cmex10' loaded for size
(Font)              <6> on input line 20.
 <chap07/000_II_1.pdf, id=1, 614.295pt x 794.97pt>
File: chap07/000_II_1.pdf Graphic file (type pdf)
 <use chap07/000_II_1.pdf>
Package pdftex.def Info: chap07/000_II_1.pdf used on input line 22.
(pdftex.def)             Requested size: 921.44249pt x 1192.537pt.

Overfull \hbox (213.7425pt too wide) in paragraph at lines 22--22
[] [] 
 []

[1

{C:/Users/matthews/AppData/Local/MiKTeX/2.9/pdftex/config/pdftex.map}]
Overfull \vbox (397.56702pt too high) has occurred while \output is active []


[2 <C:/Users/matthews/Documents/csci322/andrews/textfigures/chap07/000_II_1.pdf
>] <chap07/7_01.pdf, id=17, 614.295pt x 794.97pt>
File: chap07/7_01.pdf Graphic file (type pdf)
 <use chap07/7_01.pdf>
Package pdftex.def Info: chap07/7_01.pdf used on input line 23.
(pdftex.def)             Requested size: 921.44249pt x 1192.537pt.

Overfull \hbox (213.7425pt too wide) in paragraph at lines 23--23
[] [] 
 []


Overfull \vbox (397.56702pt too high) has occurred while \output is active []


[3 <C:/Users/matthews/Documents/csci322/andrews/textfigures/chap07/7_01.pdf>]
<chap07/7_02.pdf, id=27, 614.295pt x 794.97pt>
File: chap07/7_02.pdf Graphic file (type pdf)
 <use chap07/7_02.pdf>
Package pdftex.def Info: chap07/7_02.pdf used on input line 24.
(pdftex.def)             Requested size: 921.44249pt x 1192.537pt.

Overfull \hbox (213.7425pt too wide) in paragraph at lines 24--24
[] [] 
 []


Overfull \vbox (397.56702pt too high) has occurred while \output is active []


[4 <C:/Users/matthews/Documents/csci322/andrews/textfigures/chap07/7_02.pdf>]
<chap07/7_03.pdf, id=38, 614.295pt x 794.97pt>
File: chap07/7_03.pdf Graphic file (type pdf)
 <use chap07/7_03.pdf>
Package pdftex.def Info: chap07/7_03.pdf used on input line 25.
(pdftex.def)             Requested size: 921.44249pt x 1192.537pt.

Overfull \hbox (213.7425pt too wide) in paragraph at lines 25--25
[] [] 
 []


Overfull \vbox (397.56702pt too high) has occurred while \output is active []


[5 <C:/Users/matthews/Documents/csci322/andrews/textfigures/chap07/7_03.pdf>]
<chap07/7_04.pdf, id=51, 614.295pt x 794.97pt>
File: chap07/7_04.pdf Graphic file (type pdf)
 <use chap07/7_04.pdf>
Package pdftex.def Info: chap07/7_04.pdf used on input line 26.
(pdftex.def)             Requested size: 921.44249pt x 1192.537pt.

Overfull \hbox (213.7425pt too wide) in paragraph at lines 26--26
[] [] 
 []


Overfull \vbox (397.56702pt too high) has occurred while \output is active []


[6 <C:/Users/matthews/Documents/csci322/andrews/textfigures/chap07/7_04.pdf>]
<chap07/7_05.pdf, id=62, 614.295pt x 794.97pt>
File: chap07/7_05.pdf Graphic file (type pdf)
 <use chap07/7_05.pdf>
Package pdftex.def Info: chap07/7_05.pdf used on input line 27.
(pdftex.def)             Requested size: 921.44249pt x 1192.537pt.

Overfull \hbox (213.7425pt too wide) in paragraph at lines 27--27
[] [] 
 []


Overfull \vbox (397.56702pt too high) has occurred while \output is active []


[7 <C:/Users/matthews/Documents/csci322/andrews/textfigures/chap07/7_05.pdf>]
<chap07/7_06.pdf, id=74, 614.295pt x 794.97pt>
File: chap07/7_06.pdf Graphic file (type pdf)
 <use chap07/7_06.pdf>
Package pdftex.def Info: chap07/7_06.pdf used on input line 28.
(pdftex.def)             Requested size: 921.44249pt x 1192.537pt.

Overfull \hbox (213.7425pt too wide) in paragraph at lines 28--28
[] [] 
 []


Overfull \vbox (397.56702pt too high) has occurred while \output is active []


[8 <C:/Users/matthews/Documents/csci322/andrews/textfigures/chap07/7_06.pdf>]
<chap07/7_07.pdf, id=84, 614.295pt x 794.97pt>
File: chap07/7_07.pdf Graphic file (type pdf)
 <use chap07/7_07.pdf>
Package pdftex.def Info: chap07/7_07.pdf used on input line 29.
(pdftex.def)             Requested size: 675.74533pt x 874.47183pt.

Overfull \hbox (4.18034pt too wide) in paragraph at lines 29--29
[] [] 
 []


Overfull \vbox (79.50185pt too high) has occurred while \output is active []


[9 <C:/Users/matthews/Documents/csci322/andrews/textfigures/chap07/7_07.pdf>]
<chap07/table7_1.pdf, id=95, 614.295pt x 794.97pt>
File: chap07/table7_1.pdf Graphic file (type pdf)
 <use chap07/table7_1.pdf>
Package pdftex.def Info: chap07/table7_1.pdf used on input line 30.
(pdftex.def)             Requested size: 921.44249pt x 1192.537pt.

Overfull \hbox (213.7425pt too wide) in paragraph at lines 30--30
[] [] 
 []


Overfull \vbox (397.56702pt too high) has occurred while \output is active []


[10 <C:/Users/matthews/Documents/csci322/andrews/textfigures/chap07/table7_1.pd
f>] <chap07/7_08.pdf, id=106, 614.295pt x 794.97pt>
File: chap07/7_08.pdf Graphic file (type pdf)
 <use chap07/7_08.pdf>
Package pdftex.def Info: chap07/7_08.pdf used on input line 31.
(pdftex.def)             Requested size: 921.44249pt x 1192.537pt.

Overfull \hbox (213.7425pt too wide) in paragraph at lines 31--31
[] [] 
 []


Overfull \vbox (397.56702pt too high) has occurred while \output is active []


[11 <C:/Users/matthews/Documents/csci322/andrews/textfigures/chap07/7_08.pdf>]
<chap07/7_09.pdf, id=121, 614.295pt x 794.97pt>
File: chap07/7_09.pdf Graphic file (type pdf)
 <use chap07/7_09.pdf>
Package pdftex.def Info: chap07/7_09.pdf used on input line 32.
(pdftex.def)             Requested size: 921.44249pt x 1192.537pt.

Overfull \hbox (213.7425pt too wide) in paragraph at lines 32--32
[] [] 
 []


Overfull \vbox (397.56702pt too high) has occurred while \output is active []


[12 <C:/Users/matthews/Documents/csci322/andrews/textfigures/chap07/7_09.pdf>]
<chap07/7_10.pdf, id=132, 614.295pt x 794.97pt>
File: chap07/7_10.pdf Graphic file (type pdf)
 <use chap07/7_10.pdf>
Package pdftex.def Info: chap07/7_10.pdf used on input line 33.
(pdftex.def)             Requested size: 675.74533pt x 874.47183pt.

Overfull \hbox (4.18034pt too wide) in paragraph at lines 33--33
[] [] 
 []


Overfull \vbox (79.50185pt too high) has occurred while \output is active []


[13 <C:/Users/matthews/Documents/csci322/andrews/textfigures/chap07/7_10.pdf>]
<chap07/7_11.pdf, id=143, 614.295pt x 794.97pt>
File: chap07/7_11.pdf Graphic file (type pdf)
 <use chap07/7_11.pdf>
Package pdftex.def Info: chap07/7_11.pdf used on input line 34.
(pdftex.def)             Requested size: 921.44249pt x 1192.537pt.

Overfull \hbox (213.7425pt too wide) in paragraph at lines 34--34
[] [] 
 []


Overfull \vbox (397.56702pt too high) has occurred while \output is active []


[14 <C:/Users/matthews/Documents/csci322/andrews/textfigures/chap07/7_11.pdf>]
<chap07/7_12.pdf, id=153, 614.295pt x 794.97pt>
File: chap07/7_12.pdf Graphic file (type pdf)
 <use chap07/7_12.pdf>
Package pdftex.def Info: chap07/7_12.pdf used on input line 35.
(pdftex.def)             Requested size: 921.44249pt x 1192.537pt.

Overfull \hbox (213.7425pt too wide) in paragraph at lines 35--35
[] [] 
 []


Overfull \vbox (397.56702pt too high) has occurred while \output is active []


[15 <C:/Users/matthews/Documents/csci322/andrews/textfigures/chap07/7_12.pdf>]
<chap07/7_13.pdf, id=163, 614.295pt x 794.97pt>
File: chap07/7_13.pdf Graphic file (type pdf)
 <use chap07/7_13.pdf>
Package pdftex.def Info: chap07/7_13.pdf used on input line 36.
(pdftex.def)             Requested size: 921.44249pt x 1192.537pt.

Overfull \hbox (213.7425pt too wide) in paragraph at lines 36--36
[] [] 
 []


Overfull \vbox (397.56702pt too high) has occurred while \output is active []


[16 <C:/Users/matthews/Documents/csci322/andrews/textfigures/chap07/7_13.pdf>]
<chap07/7_14.pdf, id=173, 614.295pt x 794.97pt>
File: chap07/7_14.pdf Graphic file (type pdf)
 <use chap07/7_14.pdf>
Package pdftex.def Info: chap07/7_14.pdf used on input line 37.
(pdftex.def)             Requested size: 921.44249pt x 1192.537pt.

Overfull \hbox (213.7425pt too wide) in paragraph at lines 37--37
[] [] 
 []


Overfull \vbox (397.56702pt too high) has occurred while \output is active []


[17 <C:/Users/matthews/Documents/csci322/andrews/textfigures/chap07/7_14.pdf>]
<chap07/p318_pc_synchmp.pdf, id=185, 614.295pt x 794.97pt>
File: chap07/p318_pc_synchmp.pdf Graphic file (type pdf)

<use chap07/p318_pc_synchmp.pdf>
Package pdftex.def Info: chap07/p318_pc_synchmp.pdf used on input line 38.
(pdftex.def)             Requested size: 921.44249pt x 1192.537pt.

Overfull \hbox (213.7425pt too wide) in paragraph at lines 38--38
[] [] 
 []


Overfull \vbox (397.56702pt too high) has occurred while \output is active []


[18 <C:/Users/matthews/Documents/csci322/andrews/textfigures/chap07/p318_pc_syn
chmp.pdf>] <chap07/p320_exchange_synchmp.pdf, id=194, 614.295pt x 794.97pt>
File: chap07/p320_exchange_synchmp.pdf Graphic file (type pdf)

<use chap07/p320_exchange_synchmp.pdf>
Package pdftex.def Info: chap07/p320_exchange_synchmp.pdf used on input line 39
.
(pdftex.def)             Requested size: 921.44249pt x 1192.537pt.

Overfull \hbox (213.7425pt too wide) in paragraph at lines 39--39
[] [] 
 []


Overfull \vbox (397.56702pt too high) has occurred while \output is active []


[19 <C:/Users/matthews/Documents/csci322/andrews/textfigures/chap07/p320_exchan
ge_synchmp.pdf>] <chap07/p322_GCD_csp.pdf, id=204, 614.295pt x 794.97pt>
File: chap07/p322_GCD_csp.pdf Graphic file (type pdf)

<use chap07/p322_GCD_csp.pdf>
Package pdftex.def Info: chap07/p322_GCD_csp.pdf used on input line 40.
(pdftex.def)             Requested size: 921.44249pt x 1192.537pt.

Overfull \hbox (213.7425pt too wide) in paragraph at lines 40--40
[] [] 
 []


Overfull \vbox (397.56702pt too high) has occurred while \output is active []


[20 <C:/Users/matthews/Documents/csci322/andrews/textfigures/chap07/p322_GCD_cs
p.pdf>] <chap07/p324_copy_csp.pdf, id=213, 614.295pt x 794.97pt>
File: chap07/p324_copy_csp.pdf Graphic file (type pdf)

<use chap07/p324_copy_csp.pdf>
Package pdftex.def Info: chap07/p324_copy_csp.pdf used on input line 41.
(pdftex.def)             Requested size: 921.44249pt x 1192.537pt.

Overfull \hbox (213.7425pt too wide) in paragraph at lines 41--41
[] [] 
 []


Overfull \vbox (397.56702pt too high) has occurred while \output is active []


[21 <C:/Users/matthews/Documents/csci322/andrews/textfigures/chap07/p324_copy_c
sp.pdf>] <chap07/p325_allocator_csp.pdf, id=222, 614.295pt x 794.97pt>
File: chap07/p325_allocator_csp.pdf Graphic file (type pdf)

<use chap07/p325_allocator_csp.pdf>
Package pdftex.def Info: chap07/p325_allocator_csp.pdf used on input line 42.
(pdftex.def)             Requested size: 921.44249pt x 1192.537pt.

Overfull \hbox (213.7425pt too wide) in paragraph at lines 42--42
[] [] 
 []


Overfull \vbox (397.56702pt too high) has occurred while \output is active []


[22 <C:/Users/matthews/Documents/csci322/andrews/textfigures/chap07/p325_alloca
tor_csp.pdf>] <chap07/p326_exchange_csp.pdf, id=231, 614.295pt x 794.97pt>
File: chap07/p326_exchange_csp.pdf Graphic file (type pdf)

<use chap07/p326_exchange_csp.pdf>
Package pdftex.def Info: chap07/p326_exchange_csp.pdf used on input line 43.
(pdftex.def)             Requested size: 921.44249pt x 1192.537pt.

Overfull \hbox (213.7425pt too wide) in paragraph at lines 43--43
[] [] 
 []


Overfull \vbox (397.56702pt too high) has occurred while \output is active []


[23 <C:/Users/matthews/Documents/csci322/andrews/textfigures/chap07/p326_exchan
ge_csp.pdf>] <chap07/7_15.pdf, id=240, 614.295pt x 794.97pt>
File: chap07/7_15.pdf Graphic file (type pdf)

<use chap07/7_15.pdf>
Package pdftex.def Info: chap07/7_15.pdf used on input line 44.
(pdftex.def)             Requested size: 921.44249pt x 1192.537pt.

Overfull \hbox (213.7425pt too wide) in paragraph at lines 44--44
[] [] 
 []


Overfull \vbox (397.56702pt too high) has occurred while \output is active []


[24 <C:/Users/matthews/Documents/csci322/andrews/textfigures/chap07/7_15.pdf>]
<chap07/p330_pc_occam.pdf, id=250, 614.295pt x 794.97pt>
File: chap07/p330_pc_occam.pdf Graphic file (type pdf)

<use chap07/p330_pc_occam.pdf>
Package pdftex.def Info: chap07/p330_pc_occam.pdf used on input line 45.
(pdftex.def)             Requested size: 921.44249pt x 1192.537pt.

Overfull \hbox (213.7425pt too wide) in paragraph at lines 45--45
[] [] 
 []


Overfull \vbox (397.56702pt too high) has occurred while \output is active []


[25 <C:/Users/matthews/Documents/csci322/andrews/textfigures/chap07/p330_pc_occ
am.pdf>] <chap07/p331_copy_occam.pdf, id=260, 614.295pt x 794.97pt>
File: chap07/p331_copy_occam.pdf Graphic file (type pdf)

<use chap07/p331_copy_occam.pdf>
Package pdftex.def Info: chap07/p331_copy_occam.pdf used on input line 46.
(pdftex.def)             Requested size: 921.44249pt x 1192.537pt.

Overfull \hbox (213.7425pt too wide) in paragraph at lines 46--46
[] [] 
 []


Overfull \vbox (397.56702pt too high) has occurred while \output is active []


[26 <C:/Users/matthews/Documents/csci322/andrews/textfigures/chap07/p331_copy_o
ccam.pdf>] <chap07/p333_modernCSP.pdf, id=269, 614.295pt x 794.97pt>
File: chap07/p333_modernCSP.pdf Graphic file (type pdf)

<use chap07/p333_modernCSP.pdf>
Package pdftex.def Info: chap07/p333_modernCSP.pdf used on input line 47.
(pdftex.def)             Requested size: 921.44249pt x 1192.537pt.

Overfull \hbox (213.7425pt too wide) in paragraph at lines 47--47
[] [] 
 []


Overfull \vbox (397.56702pt too high) has occurred while \output is active []


[27 <C:/Users/matthews/Documents/csci322/andrews/textfigures/chap07/p333_modern
CSP.pdf>] <chap07/7_16.pdf, id=278, 614.295pt x 794.97pt>
File: chap07/7_16.pdf Graphic file (type pdf)

<use chap07/7_16.pdf>
Package pdftex.def Info: chap07/7_16.pdf used on input line 50.
(pdftex.def)             Requested size: 614.31223pt x 794.96999pt.
 [28 <C:/Users/matthews/Documents/csci322/andrews/textfigures/chap07/7_16.pdf>]
 <chap07/7_17.pdf, id=284, 614.295pt x 794.97pt>
File: chap07/7_17.pdf Graphic file (type pdf)

<use chap07/7_17.pdf>
Package pdftex.def Info: chap07/7_17.pdf used on input line 52.
(pdftex.def)             Requested size: 921.44249pt x 1192.537pt.

Overfull \hbox (213.7425pt too wide) in paragraph at lines 52--52
[] [] 
 []


Overfull \vbox (397.56702pt too high) has occurred while \output is active []


[29 <C:/Users/matthews/Documents/csci322/andrews/textfigures/chap07/7_17.pdf>]
<chap07/7_18.pdf, id=294, 614.295pt x 794.97pt>
File: chap07/7_18.pdf Graphic file (type pdf)
 <use chap07/7_18.pdf>
Package pdftex.def Info: chap07/7_18.pdf used on input line 53.
(pdftex.def)             Requested size: 675.74533pt x 874.47183pt.

Overfull \hbox (4.18034pt too wide) in paragraph at lines 53--53
[] [] 
 []


Overfull \vbox (79.50185pt too high) has occurred while \output is active []


[30 <C:/Users/matthews/Documents/csci322/andrews/textfigures/chap07/7_18.pdf>]
<chap07/7_19.pdf, id=305, 614.295pt x 794.97pt>
File: chap07/7_19.pdf Graphic file (type pdf)
 <use chap07/7_19.pdf>
Package pdftex.def Info: chap07/7_19.pdf used on input line 54.
(pdftex.def)             Requested size: 921.44249pt x 1192.537pt.

Overfull \hbox (213.7425pt too wide) in paragraph at lines 54--54
[] [] 
 []


Overfull \vbox (397.56702pt too high) has occurred while \output is active []


[31 <C:/Users/matthews/Documents/csci322/andrews/textfigures/chap07/7_19.pdf>]
(C:\Users\matthews\Documents\csci322\andrews\textfigures\chap07.aux) ) 
Here is how much of TeX's memory you used:
 1764 strings out of 494045
 25530 string characters out of 3145961
 76912 words of memory out of 3000000
 5053 multiletter control sequences out of 15000+200000
 6974 words of font info for 25 fonts, out of 3000000 for 9000
 715 hyphenation exceptions out of 8191
 27i,7n,32p,214b,236s stack positions out of 5000i,500n,10000p,200000b,50000s
<C:/Progr
am Files (x86)/MiKTeX 2.9/fonts/type1/public/amsfonts/cm/cmr10.pfb><C:/Program 
Files (x86)/MiKTeX 2.9/fonts/type1/public/amsfonts/cm/cmr12.pfb><C:/Program Fil
es (x86)/MiKTeX 2.9/fonts/type1/public/amsfonts/cm/cmr17.pfb><C:/Program Files 
(x86)/MiKTeX 2.9/fonts/type1/public/amsfonts/cm/cmr9.pfb>
Output written on chap07.pdf (31 pages, 117635 bytes).
PDF statistics:
 331 PDF objects out of 1000 (max. 8388607)
 0 named destinations out of 1000 (max. 500000)
 151 words of extra memory for PDF output out of 10000 (max. 10000000)

