This is pdfTeX, Version 3.1415926-2.3-1.40.12 (MiKTeX 2.9) (preloaded format=pdflatex 2012.3.7)  7 FEB 2013 23:15
entering extended mode
**chap02
(C:\Users\matthews\Documents\csci322\lectures\andrews\chap02.tex
LaTeX2e <2011/06/27>
Babel <v3.8m> and hyphenation patterns for english, afrikaans, ancientgreek, ar
abic, armenian, assamese, basque, bengali, bokmal, bulgarian, catalan, coptic, 
croatian, czech, danish, dutch, esperanto, estonian, farsi, finnish, french, ga
lician, german, german-x-2009-06-19, greek, gujarati, hindi, hungarian, iceland
ic, indonesian, interlingua, irish, italian, kannada, kurmanji, lao, latin, lat
vian, lithuanian, malayalam, marathi, mongolian, mongolianlmc, monogreek, ngerm
an, ngerman-x-2009-06-19, nynorsk, oriya, panjabi, pinyin, polish, portuguese, 
romanian, russian, sanskrit, serbian, slovak, slovenian, spanish, swedish, swis
sgerman, tamil, telugu, turkish, turkmen, ukenglish, ukrainian, uppersorbian, u
senglishmax, welsh, loaded.
("C:\Program Files (x86)\MiKTeX 2.9\tex\latex\base\article.cls"
Document Class: article 2007/10/19 v1.4h Standard LaTeX document class
("C:\Program Files (x86)\MiKTeX 2.9\tex\latex\base\size10.clo"
File: size10.clo 2007/10/19 v1.4h Standard LaTeX file (size option)
)
\c@part=\count79
\c@section=\count80
\c@subsection=\count81
\c@subsubsection=\count82
\c@paragraph=\count83
\c@subparagraph=\count84
\c@figure=\count85
\c@table=\count86
\abovecaptionskip=\skip41
\belowcaptionskip=\skip42
\bibindent=\dimen102
)
("C:\Program Files (x86)\MiKTeX 2.9\tex\latex\geometry\geometry.sty"
Package: geometry 2010/09/12 v5.6 Page Geometry

("C:\Program Files (x86)\MiKTeX 2.9\tex\latex\graphics\keyval.sty"
Package: keyval 1999/03/16 v1.13 key=value parser (DPC)
\KV@toks@=\toks14
)
("C:\Program Files (x86)\MiKTeX 2.9\tex\generic\oberdiek\ifpdf.sty"
Package: ifpdf 2011/01/30 v2.3 Provides the ifpdf switch (HO)
Package ifpdf Info: pdfTeX in PDF mode is detected.
)
("C:\Program Files (x86)\MiKTeX 2.9\tex\generic\oberdiek\ifvtex.sty"
Package: ifvtex 2010/03/01 v1.5 Switches for detecting VTeX and its modes (HO)
Package ifvtex Info: VTeX not detected.
)
("C:\Program Files (x86)\MiKTeX 2.9\tex\generic\ifxetex\ifxetex.sty"
Package: ifxetex 2010/09/12 v0.6 Provides ifxetex conditional
)
\Gm@cnth=\count87
\Gm@cntv=\count88
\c@Gm@tempcnt=\count89
\Gm@bindingoffset=\dimen103
\Gm@wd@mp=\dimen104
\Gm@odd@mp=\dimen105
\Gm@even@mp=\dimen106
\Gm@layoutwidth=\dimen107
\Gm@layoutheight=\dimen108
\Gm@layouthoffset=\dimen109
\Gm@layoutvoffset=\dimen110
\Gm@dimlist=\toks15

("C:\Program Files (x86)\MiKTeX 2.9\tex\latex\geometry\geometry.cfg"))
("C:\Program Files (x86)\MiKTeX 2.9\tex\latex\graphics\graphicx.sty"
Package: graphicx 1999/02/16 v1.0f Enhanced LaTeX Graphics (DPC,SPQR)

("C:\Program Files (x86)\MiKTeX 2.9\tex\latex\graphics\graphics.sty"
Package: graphics 2009/02/05 v1.0o Standard LaTeX Graphics (DPC,SPQR)

("C:\Program Files (x86)\MiKTeX 2.9\tex\latex\graphics\trig.sty"
Package: trig 1999/03/16 v1.09 sin cos tan (DPC)
)
("C:\Program Files (x86)\MiKTeX 2.9\tex\latex\00miktex\graphics.cfg"
File: graphics.cfg 2007/01/18 v1.5 graphics configuration of teTeX/TeXLive
)
Package graphics Info: Driver file: pdftex.def on input line 91.

("C:\Program Files (x86)\MiKTeX 2.9\tex\latex\pdftex-def\pdftex.def"
File: pdftex.def 2011/05/27 v0.06d Graphics/color for pdfTeX

("C:\Program Files (x86)\MiKTeX 2.9\tex\generic\oberdiek\infwarerr.sty"
Package: infwarerr 2010/04/08 v1.3 Providing info/warning/message (HO)
)
("C:\Program Files (x86)\MiKTeX 2.9\tex\generic\oberdiek\ltxcmds.sty"
Package: ltxcmds 2011/04/18 v1.20 LaTeX kernel commands for general use (HO)
)
\Gread@gobject=\count90
))
\Gin@req@height=\dimen111
\Gin@req@width=\dimen112
)
("C:\Program Files (x86)\MiKTeX 2.9\tex\latex\tools\multicol.sty"
Package: multicol 2011/06/27 v1.7a multicolumn formatting (FMi)
\c@tracingmulticols=\count91
\mult@box=\box26
\multicol@leftmargin=\dimen113
\c@unbalance=\count92
\c@collectmore=\count93
\doublecol@number=\count94
\multicoltolerance=\count95
\multicolpretolerance=\count96
\full@width=\dimen114
\page@free=\dimen115
\premulticols=\dimen116
\postmulticols=\dimen117
\multicolsep=\skip43
\multicolbaselineskip=\skip44
\partial@page=\box27
\last@line=\box28
\mult@rightbox=\box29
\mult@grightbox=\box30
\mult@gfirstbox=\box31
\mult@firstbox=\box32
\@tempa=\box33
\@tempa=\box34
\@tempa=\box35
\@tempa=\box36
\@tempa=\box37
\@tempa=\box38
\@tempa=\box39
\@tempa=\box40
\@tempa=\box41
\@tempa=\box42
\@tempa=\box43
\@tempa=\box44
\@tempa=\box45
\@tempa=\box46
\@tempa=\box47
\@tempa=\box48
\@tempa=\box49
\c@columnbadness=\count97
\c@finalcolumnbadness=\count98
\last@try=\dimen118
\multicolovershoot=\dimen119
\multicolundershoot=\dimen120
\mult@nat@firstbox=\box50
\colbreak@box=\box51
\multicol@sort@counter=\count99
)
("C:\Program Files (x86)\MiKTeX 2.9\tex\latex\base\alltt.sty"
Package: alltt 1997/06/16 v2.0g defines alltt environment
)
(C:\Users\matthews\Documents\csci322\lectures\andrews\chap02.aux)
LaTeX Font Info:    Checking defaults for OML/cmm/m/it on input line 24.
LaTeX Font Info:    ... okay on input line 24.
LaTeX Font Info:    Checking defaults for T1/cmr/m/n on input line 24.
LaTeX Font Info:    ... okay on input line 24.
LaTeX Font Info:    Checking defaults for OT1/cmr/m/n on input line 24.
LaTeX Font Info:    ... okay on input line 24.
LaTeX Font Info:    Checking defaults for OMS/cmsy/m/n on input line 24.
LaTeX Font Info:    ... okay on input line 24.
LaTeX Font Info:    Checking defaults for OMX/cmex/m/n on input line 24.
LaTeX Font Info:    ... okay on input line 24.
LaTeX Font Info:    Checking defaults for U/cmr/m/n on input line 24.
LaTeX Font Info:    ... okay on input line 24.

*geometry* driver: auto-detecting
*geometry* detected driver: pdftex
*geometry* verbose mode - [ preamble ] result:
* driver: pdftex
* paper: <default>
* layout: <same size as paper>
* layoutoffset:(h,v)=(0.0pt,0.0pt)
* modes: 
* h-part:(L,W,R)=(36.135pt, 542.02501pt, 36.135pt)
* v-part:(T,H,B)=(36.135pt, 722.7pt, 36.135pt)
* \paperwidth=614.295pt
* \paperheight=794.96999pt
* \textwidth=542.02501pt
* \textheight=722.7pt
* \oddsidemargin=-36.135pt
* \evensidemargin=-36.135pt
* \topmargin=-73.135pt
* \headheight=12.0pt
* \headsep=25.0pt
* \topskip=10.0pt
* \footskip=30.0pt
* \marginparwidth=65.0pt
* \marginparsep=11.0pt
* \columnsep=10.0pt
* \skip\footins=9.0pt plus 4.0pt minus 2.0pt
* \hoffset=0.0pt
* \voffset=0.0pt
* \mag=1000
* \@twocolumnfalse
* \@twosidefalse
* \@mparswitchfalse
* \@reversemarginfalse
* (1in=72.27pt=25.4mm, 1cm=28.453pt)

(C:\Users\matthews\AppData\Roaming\MiKTeX\2.9\tex\context\base\supp-pdf.mkii
[Loading MPS to PDF converter (version 2006.09.02).]
\scratchcounter=\count100
\scratchdimen=\dimen121
\scratchbox=\box52
\nofMPsegments=\count101
\nofMParguments=\count102
\everyMPshowfont=\toks16
\MPscratchCnt=\count103
\MPscratchDim=\dimen122
\MPnumerator=\count104
\makeMPintoPDFobject=\count105
\everyMPtoPDFconversion=\toks17
)
LaTeX Font Info:    External font `cmex10' loaded for size
(Font)              <12> on input line 25.
LaTeX Font Info:    External font `cmex10' loaded for size
(Font)              <8> on input line 25.
LaTeX Font Info:    External font `cmex10' loaded for size
(Font)              <6> on input line 25.
 [1

{C:/Users/matthews/AppData/Local/MiKTeX/2.9/pdftex/config/pdftex.map}]
LaTeX Font Info:    Try loading font information for OMS+cmr on input line 32.

("C:\Program Files (x86)\MiKTeX 2.9\tex\latex\base\omscmr.fd"
File: omscmr.fd 1999/05/25 v2.5h Standard LaTeX font definitions
)
LaTeX Font Info:    Font shape `OMS/cmr/m/n' in size <14.4> not available
(Font)              Font shape `OMS/cmsy/m/n' tried instead on input line 32.
LaTeX Font Info:    External font `cmex10' loaded for size
(Font)              <14.4> on input line 35.
LaTeX Font Info:    External font `cmex10' loaded for size
(Font)              <7> on input line 35.
 [2] [3] [4]
[5] <chap02/p45_find_seq.pdf, id=27, 614.295pt x 794.97pt>
File: chap02/p45_find_seq.pdf Graphic file (type pdf)

<use chap02/p45_find_seq.pdf>
Package pdftex.def Info: chap02/p45_find_seq.pdf used on input line 109.
(pdftex.def)             Requested size: 813.0375pt x 1052.23853pt.

Overfull \hbox (162.6075pt too wide) in paragraph at lines 109--109
[] [] 
 []


Overfull \vbox (329.53853pt too high) has occurred while \output is active []


[6 <C:/Users/matthews/Documents/csci322/lectures/andrews/chap02/p45_find_seq.pd
f>] [7] <chap02/p46a_find_interfere.pdf, id=40, 614.295pt x 794.97pt>
File: chap02/p46a_find_interfere.pdf Graphic file (type pdf)

<use chap02/p46a_find_interfere.pdf>
Package pdftex.def Info: chap02/p46a_find_interfere.pdf used on input line 126.

(pdftex.def)             Requested size: 813.0375pt x 1052.23853pt.

Overfull \hbox (162.6075pt too wide) in paragraph at lines 126--126
[] [] 
 []


Overfull \vbox (329.53853pt too high) has occurred while \output is active []


[8 <C:/Users/matthews/Documents/csci322/lectures/andrews/chap02/p46a_find_inter
fere.pdf>] <chap02/p46b_find_nothing.pdf, id=49, 614.295pt x 794.97pt>
File: chap02/p46b_find_nothing.pdf Graphic file (type pdf)

<use chap02/p46b_find_nothing.pdf>
Package pdftex.def Info: chap02/p46b_find_nothing.pdf used on input line 127.
(pdftex.def)             Requested size: 813.0375pt x 1052.23853pt.

Overfull \hbox (162.6075pt too wide) in paragraph at lines 127--127
[] [] 
 []


Overfull \vbox (329.53853pt too high) has occurred while \output is active []


[9 <C:/Users/matthews/Documents/csci322/lectures/andrews/chap02/p46b_find_nothi
ng.pdf>] <chap02/p46c_find_co_inside_while.pdf, id=58, 614.295pt x 794.97pt>
File: chap02/p46c_find_co_inside_while.pdf Graphic file (type pdf)

<use chap02/p46c_find_co_inside_while.pdf>
Package pdftex.def Info: chap02/p46c_find_co_inside_while.pdf used on input lin
e 128.
(pdftex.def)             Requested size: 813.0375pt x 1052.23853pt.

Overfull \hbox (162.6075pt too wide) in paragraph at lines 128--128
[] [] 
 []


Overfull \vbox (329.53853pt too high) has occurred while \output is active []


[10 <C:/Users/matthews/Documents/csci322/lectures/andrews/chap02/p46c_find_co_i
nside_while.pdf>] <chap02/2_1.pdf, id=67, 614.295pt x 794.97pt>
File: chap02/2_1.pdf Graphic file (type pdf)

<use chap02/2_1.pdf>
Package pdftex.def Info: chap02/2_1.pdf used on input line 129.
(pdftex.def)             Requested size: 813.0375pt x 1052.23853pt.

Overfull \hbox (162.6075pt too wide) in paragraph at lines 129--129
[] [] 
 []


Overfull \vbox (329.53853pt too high) has occurred while \output is active []


[11 <C:/Users/matthews/Documents/csci322/lectures/andrews/chap02/2_1.pdf>]
[12] [13] [14] [15] [16] [17] [18] [19]
<chap02/2_2.pdf, id=104, 614.295pt x 794.97pt>
File: chap02/2_2.pdf Graphic file (type pdf)
 <use chap02/2_2.pdf>
Package pdftex.def Info: chap02/2_2.pdf used on input line 267.
(pdftex.def)             Requested size: 813.0375pt x 1052.23853pt.

Overfull \hbox (162.6075pt too wide) in paragraph at lines 267--267
[] [] 
 []


Overfull \vbox (329.53853pt too high) has occurred while \output is active []


[20 <C:/Users/matthews/Documents/csci322/lectures/andrews/chap02/2_2.pdf>]
[21] [22] [23] [24] [25] [26] [27] [28] [29] [30] [31] [32] [33] [34] [35]
<chap02/2_3.pdf, id=162, 614.295pt x 794.97pt>
File: chap02/2_3.pdf Graphic file (type pdf)
 <use chap02/2_3.pdf>
Package pdftex.def Info: chap02/2_3.pdf used on input line 562.
(pdftex.def)             Requested size: 813.0375pt x 1052.23853pt.

Overfull \hbox (162.6075pt too wide) in paragraph at lines 562--562
[] [] 
 []


Overfull \vbox (329.53853pt too high) has occurred while \output is active []


[36 <C:/Users/matthews/Documents/csci322/lectures/andrews/chap02/2_3.pdf>]
[37] [38] [39] [40] [41] [42] [43]
<chap02/p63_await_co_rules.pdf, id=199, 614.295pt x 794.97pt>
File: chap02/p63_await_co_rules.pdf Graphic file (type pdf)

<use chap02/p63_await_co_rules.pdf>
Package pdftex.def Info: chap02/p63_await_co_rules.pdf used on input line 711.
(pdftex.def)             Requested size: 813.0375pt x 1052.23853pt.

Overfull \hbox (162.6075pt too wide) in paragraph at lines 711--711
[] [] 
 []


Overfull \vbox (329.53853pt too high) has occurred while \output is active []


[44 <C:/Users/matthews/Documents/csci322/lectures/andrews/chap02/p63_await_co_r
ules.pdf>] [45] [46]
Underfull \hbox (badness 10000) in paragraph at lines 764--768
[]\OT1/cmr/m/n/14.4 Let \OT1/cmtt/m/n/14.4 a \OT1/cmr/m/n/14.4 be an as-sign-me
nt ac-tion in one pro-cess and let $\OML/cmm/m/it/14.4 pre\OT1/cmr/m/n/14.4 (\O
ML/cmm/m/it/14.4 a\OT1/cmr/m/n/14.4 )$ be
 []


Underfull \hbox (badness 6944) in paragraph at lines 764--768
\OT1/cmr/m/n/14.4 its pre-con-di-tion. Let $\OML/cmm/m/it/14.4 C$ \OT1/cmr/m/n/
14.4 be a crit-i-cal as-ser-tion in an-other pro-cess.
 []


Underfull \hbox (badness 6047) in paragraph at lines 764--768
\OT1/cmr/m/n/14.4 Then \OT1/cmtt/m/n/14.4 a \OT1/cmr/bx/n/14.4 does not in-ter-
fere \OT1/cmr/m/n/14.4 with $\OML/cmm/m/it/14.4 C$ \OT1/cmr/m/n/14.4 if the fol
-low-ing is a the-o-rem:
 []


Overfull \hbox (25.00003pt too wide) in paragraph at lines 764--768
[] 
 []

[47] [48] [49] [50] [51]
Overfull \hbox (25.00003pt too wide) in paragraph at lines 863--866
[]
 []

[52]
File: chap02/2_2.pdf Graphic file (type pdf)
 <use chap02/2_2.pdf>
Package pdftex.def Info: chap02/2_2.pdf used on input line 870.
(pdftex.def)             Requested size: 813.0375pt x 1052.23853pt.

Overfull \hbox (162.6075pt too wide) in paragraph at lines 870--870
[] [] 
 []


Overfull \vbox (329.53853pt too high) has occurred while \output is active []


[53] <chap02/2_4.pdf, id=238, 614.295pt x 794.97pt>
File: chap02/2_4.pdf Graphic file (type pdf)
 <use chap02/2_4.pdf>
Package pdftex.def Info: chap02/2_4.pdf used on input line 871.
(pdftex.def)             Requested size: 813.0375pt x 1052.23853pt.

Overfull \hbox (162.6075pt too wide) in paragraph at lines 871--871
[] [] 
 []


Overfull \vbox (329.53853pt too high) has occurred while \output is active []


[54 <C:/Users/matthews/Documents/csci322/lectures/andrews/chap02/2_4.pdf>]
[55] [56] [57]
LaTeX Font Info:    Try loading font information for OMS+cmtt on input line 913
.
LaTeX Font Info:    No file OMScmtt.fd. on input line 913.


LaTeX Font Warning: Font shape `OMS/cmtt/m/n' undefined
(Font)              using `OMS/cmsy/m/n' instead
(Font)              for symbol `textbraceleft' on input line 913.

[58]
File: chap02/2_4.pdf Graphic file (type pdf)
 <use chap02/2_4.pdf>
Package pdftex.def Info: chap02/2_4.pdf used on input line 929.
(pdftex.def)             Requested size: 813.0375pt x 1052.23853pt.

Overfull \hbox (162.6075pt too wide) in paragraph at lines 929--929
[] [] 
 []


Overfull \vbox (329.53853pt too high) has occurred while \output is active []


[59] [60] [61] [62] [63] [64]
File: chap02/2_4.pdf Graphic file (type pdf)
 <use chap02/2_4.pdf>
Package pdftex.def Info: chap02/2_4.pdf used on input line 1023.
(pdftex.def)             Requested size: 813.0375pt x 1052.23853pt.

Overfull \hbox (162.6075pt too wide) in paragraph at lines 1023--1023
[] [] 
 []

[65]
Overfull \vbox (329.53853pt too high) has occurred while \output is active []


[66] [67] (C:\Users\matthews\Documents\csci322\lectures\andrews\chap02.aux)

LaTeX Font Warning: Some font shapes were not available, defaults substituted.

 ) 
Here is how much of TeX's memory you used:
 1813 strings out of 494045
 25704 string characters out of 3145961
 97977 words of memory out of 3000000
 5108 multiletter control sequences out of 15000+200000
 8710 words of font info for 31 fonts, out of 3000000 for 9000
 715 hyphenation exceptions out of 8191
 27i,7n,32p,235b,234s stack positions out of 5000i,500n,10000p,200000b,50000s
<C:/Program Files (x86)/MiKTeX 2.9/fonts/type1/public/amsfonts/cm/cmbx12.pfb>
<C:/Program Files (x86)/MiKTeX 2.9/fonts/type1/public/amsfonts/cm/cmmi10.pfb><C
:/Program Files (x86)/MiKTeX 2.9/fonts/type1/public/amsfonts/cm/cmmi12.pfb><C:/
Program Files (x86)/MiKTeX 2.9/fonts/type1/public/amsfonts/cm/cmr10.pfb><C:/Pro
gram Files (x86)/MiKTeX 2.9/fonts/type1/public/amsfonts/cm/cmr12.pfb><C:/Progra
m Files (x86)/MiKTeX 2.9/fonts/type1/public/amsfonts/cm/cmr17.pfb><C:/Program F
iles (x86)/MiKTeX 2.9/fonts/type1/public/amsfonts/cm/cmr9.pfb><C:/Program Files
 (x86)/MiKTeX 2.9/fonts/type1/public/amsfonts/cm/cmsy10.pfb><C:/Program Files (
x86)/MiKTeX 2.9/fonts/type1/public/amsfonts/cm/cmti12.pfb><C:/Program Files (x8
6)/MiKTeX 2.9/fonts/type1/public/amsfonts/cm/cmtt12.pfb>
Output written on chap02.pdf (67 pages, 205207 bytes).
PDF statistics:
 326 PDF objects out of 1000 (max. 8388607)
 0 named destinations out of 1000 (max. 500000)
 46 words of extra memory for PDF output out of 10000 (max. 10000000)

