This is pdfTeX, Version 3.1415926-2.3-1.40.12 (MiKTeX 2.9) (preloaded format=pdflatex 2012.3.7)  28 JAN 2013 21:46
entering extended mode
**chap01
(C:\Users\matthews\Documents\csci322\lectures\andrews\chap01.tex
LaTeX2e <2011/06/27>
Babel <v3.8m> and hyphenation patterns for english, afrikaans, ancientgreek, ar
abic, armenian, assamese, basque, bengali, bokmal, bulgarian, catalan, coptic, 
croatian, czech, danish, dutch, esperanto, estonian, farsi, finnish, french, ga
lician, german, german-x-2009-06-19, greek, gujarati, hindi, hungarian, iceland
ic, indonesian, interlingua, irish, italian, kannada, kurmanji, lao, latin, lat
vian, lithuanian, malayalam, marathi, mongolian, mongolianlmc, monogreek, ngerm
an, ngerman-x-2009-06-19, nynorsk, oriya, panjabi, pinyin, polish, portuguese, 
romanian, russian, sanskrit, serbian, slovak, slovenian, spanish, swedish, swis
sgerman, tamil, telugu, turkish, turkmen, ukenglish, ukrainian, uppersorbian, u
senglishmax, welsh, loaded.
("C:\Program Files (x86)\MiKTeX 2.9\tex\latex\base\article.cls"
Document Class: article 2007/10/19 v1.4h Standard LaTeX document class
("C:\Program Files (x86)\MiKTeX 2.9\tex\latex\base\size10.clo"
File: size10.clo 2007/10/19 v1.4h Standard LaTeX file (size option)
)
\c@part=\count79
\c@section=\count80
\c@subsection=\count81
\c@subsubsection=\count82
\c@paragraph=\count83
\c@subparagraph=\count84
\c@figure=\count85
\c@table=\count86
\abovecaptionskip=\skip41
\belowcaptionskip=\skip42
\bibindent=\dimen102
)
("C:\Program Files (x86)\MiKTeX 2.9\tex\latex\geometry\geometry.sty"
Package: geometry 2010/09/12 v5.6 Page Geometry

("C:\Program Files (x86)\MiKTeX 2.9\tex\latex\graphics\keyval.sty"
Package: keyval 1999/03/16 v1.13 key=value parser (DPC)
\KV@toks@=\toks14
)
("C:\Program Files (x86)\MiKTeX 2.9\tex\generic\oberdiek\ifpdf.sty"
Package: ifpdf 2011/01/30 v2.3 Provides the ifpdf switch (HO)
Package ifpdf Info: pdfTeX in PDF mode is detected.
)
("C:\Program Files (x86)\MiKTeX 2.9\tex\generic\oberdiek\ifvtex.sty"
Package: ifvtex 2010/03/01 v1.5 Switches for detecting VTeX and its modes (HO)
Package ifvtex Info: VTeX not detected.
)
("C:\Program Files (x86)\MiKTeX 2.9\tex\generic\ifxetex\ifxetex.sty"
Package: ifxetex 2010/09/12 v0.6 Provides ifxetex conditional
)
\Gm@cnth=\count87
\Gm@cntv=\count88
\c@Gm@tempcnt=\count89
\Gm@bindingoffset=\dimen103
\Gm@wd@mp=\dimen104
\Gm@odd@mp=\dimen105
\Gm@even@mp=\dimen106
\Gm@layoutwidth=\dimen107
\Gm@layoutheight=\dimen108
\Gm@layouthoffset=\dimen109
\Gm@layoutvoffset=\dimen110
\Gm@dimlist=\toks15

("C:\Program Files (x86)\MiKTeX 2.9\tex\latex\geometry\geometry.cfg"))
("C:\Program Files (x86)\MiKTeX 2.9\tex\latex\graphics\graphicx.sty"
Package: graphicx 1999/02/16 v1.0f Enhanced LaTeX Graphics (DPC,SPQR)

("C:\Program Files (x86)\MiKTeX 2.9\tex\latex\graphics\graphics.sty"
Package: graphics 2009/02/05 v1.0o Standard LaTeX Graphics (DPC,SPQR)

("C:\Program Files (x86)\MiKTeX 2.9\tex\latex\graphics\trig.sty"
Package: trig 1999/03/16 v1.09 sin cos tan (DPC)
)
("C:\Program Files (x86)\MiKTeX 2.9\tex\latex\00miktex\graphics.cfg"
File: graphics.cfg 2007/01/18 v1.5 graphics configuration of teTeX/TeXLive
)
Package graphics Info: Driver file: pdftex.def on input line 91.

("C:\Program Files (x86)\MiKTeX 2.9\tex\latex\pdftex-def\pdftex.def"
File: pdftex.def 2011/05/27 v0.06d Graphics/color for pdfTeX

("C:\Program Files (x86)\MiKTeX 2.9\tex\generic\oberdiek\infwarerr.sty"
Package: infwarerr 2010/04/08 v1.3 Providing info/warning/message (HO)
)
("C:\Program Files (x86)\MiKTeX 2.9\tex\generic\oberdiek\ltxcmds.sty"
Package: ltxcmds 2011/04/18 v1.20 LaTeX kernel commands for general use (HO)
)
\Gread@gobject=\count90
))
\Gin@req@height=\dimen111
\Gin@req@width=\dimen112
)
("C:\Program Files (x86)\MiKTeX 2.9\tex\latex\tools\multicol.sty"
Package: multicol 2011/06/27 v1.7a multicolumn formatting (FMi)
\c@tracingmulticols=\count91
\mult@box=\box26
\multicol@leftmargin=\dimen113
\c@unbalance=\count92
\c@collectmore=\count93
\doublecol@number=\count94
\multicoltolerance=\count95
\multicolpretolerance=\count96
\full@width=\dimen114
\page@free=\dimen115
\premulticols=\dimen116
\postmulticols=\dimen117
\multicolsep=\skip43
\multicolbaselineskip=\skip44
\partial@page=\box27
\last@line=\box28
\mult@rightbox=\box29
\mult@grightbox=\box30
\mult@gfirstbox=\box31
\mult@firstbox=\box32
\@tempa=\box33
\@tempa=\box34
\@tempa=\box35
\@tempa=\box36
\@tempa=\box37
\@tempa=\box38
\@tempa=\box39
\@tempa=\box40
\@tempa=\box41
\@tempa=\box42
\@tempa=\box43
\@tempa=\box44
\@tempa=\box45
\@tempa=\box46
\@tempa=\box47
\@tempa=\box48
\@tempa=\box49
\c@columnbadness=\count97
\c@finalcolumnbadness=\count98
\last@try=\dimen118
\multicolovershoot=\dimen119
\multicolundershoot=\dimen120
\mult@nat@firstbox=\box50
\colbreak@box=\box51
\multicol@sort@counter=\count99
)
(C:\Users\matthews\Documents\csci322\lectures\andrews\chap01.aux)
LaTeX Font Info:    Checking defaults for OML/cmm/m/it on input line 21.
LaTeX Font Info:    ... okay on input line 21.
LaTeX Font Info:    Checking defaults for T1/cmr/m/n on input line 21.
LaTeX Font Info:    ... okay on input line 21.
LaTeX Font Info:    Checking defaults for OT1/cmr/m/n on input line 21.
LaTeX Font Info:    ... okay on input line 21.
LaTeX Font Info:    Checking defaults for OMS/cmsy/m/n on input line 21.
LaTeX Font Info:    ... okay on input line 21.
LaTeX Font Info:    Checking defaults for OMX/cmex/m/n on input line 21.
LaTeX Font Info:    ... okay on input line 21.
LaTeX Font Info:    Checking defaults for U/cmr/m/n on input line 21.
LaTeX Font Info:    ... okay on input line 21.

*geometry* driver: auto-detecting
*geometry* detected driver: pdftex
*geometry* verbose mode - [ preamble ] result:
* driver: pdftex
* paper: <default>
* layout: <same size as paper>
* layoutoffset:(h,v)=(0.0pt,0.0pt)
* modes: 
* h-part:(L,W,R)=(36.135pt, 542.02501pt, 36.135pt)
* v-part:(T,H,B)=(36.135pt, 722.7pt, 36.135pt)
* \paperwidth=614.295pt
* \paperheight=794.96999pt
* \textwidth=542.02501pt
* \textheight=722.7pt
* \oddsidemargin=-36.135pt
* \evensidemargin=-36.135pt
* \topmargin=-73.135pt
* \headheight=12.0pt
* \headsep=25.0pt
* \topskip=10.0pt
* \footskip=30.0pt
* \marginparwidth=65.0pt
* \marginparsep=11.0pt
* \columnsep=10.0pt
* \skip\footins=9.0pt plus 4.0pt minus 2.0pt
* \hoffset=0.0pt
* \voffset=0.0pt
* \mag=1000
* \@twocolumnfalse
* \@twosidefalse
* \@mparswitchfalse
* \@reversemarginfalse
* (1in=72.27pt=25.4mm, 1cm=28.453pt)

(C:\Users\matthews\AppData\Roaming\MiKTeX\2.9\tex\context\base\supp-pdf.mkii
[Loading MPS to PDF converter (version 2006.09.02).]
\scratchcounter=\count100
\scratchdimen=\dimen121
\scratchbox=\box52
\nofMPsegments=\count101
\nofMParguments=\count102
\everyMPshowfont=\toks16
\MPscratchCnt=\count103
\MPscratchDim=\dimen122
\MPnumerator=\count104
\makeMPintoPDFobject=\count105
\everyMPtoPDFconversion=\toks17
)
LaTeX Font Info:    External font `cmex10' loaded for size
(Font)              <12> on input line 24.
LaTeX Font Info:    External font `cmex10' loaded for size
(Font)              <8> on input line 24.
LaTeX Font Info:    External font `cmex10' loaded for size
(Font)              <6> on input line 24.
 <chap01/1_1.pdf, id=1, 614.295pt x 794.97pt>
File: chap01/1_1.pdf Graphic file (type pdf)
 <use chap01/1_1.pdf>
Package pdftex.def Info: chap01/1_1.pdf used on input line 26.
(pdftex.def)             Requested size: 813.0375pt x 1052.23853pt.

Overfull \hbox (162.6075pt too wide) in paragraph at lines 26--26
[] [] 
 []

[1

{C:/Users/matthews/AppData/Local/MiKTeX/2.9/pdftex/config/pdftex.map}]
Overfull \vbox (329.53853pt too high) has occurred while \output is active []


[2 <C:/Users/matthews/Documents/csci322/lectures/andrews/chap01/1_1.pdf>]
<chap01/1_2.pdf, id=18, 614.295pt x 794.97pt>
File: chap01/1_2.pdf Graphic file (type pdf)
 <use chap01/1_2.pdf>
Package pdftex.def Info: chap01/1_2.pdf used on input line 27.
(pdftex.def)             Requested size: 813.0375pt x 1052.23853pt.

Overfull \hbox (162.6075pt too wide) in paragraph at lines 27--27
[] [] 
 []


Overfull \vbox (329.53853pt too high) has occurred while \output is active []


[3 <C:/Users/matthews/Documents/csci322/lectures/andrews/chap01/1_2.pdf>]
<chap01/1_3.pdf, id=28, 614.295pt x 794.97pt>
File: chap01/1_3.pdf Graphic file (type pdf)
 <use chap01/1_3.pdf>
Package pdftex.def Info: chap01/1_3.pdf used on input line 28.
(pdftex.def)             Requested size: 813.0375pt x 1052.23853pt.

Overfull \hbox (162.6075pt too wide) in paragraph at lines 28--28
[] [] 
 []


Overfull \vbox (329.53853pt too high) has occurred while \output is active []


[4 <C:/Users/matthews/Documents/csci322/lectures/andrews/chap01/1_3.pdf>]
<chap01/p13_mm_seq.pdf, id=38, 614.295pt x 794.97pt>
File: chap01/p13_mm_seq.pdf Graphic file (type pdf)

<use chap01/p13_mm_seq.pdf>
Package pdftex.def Info: chap01/p13_mm_seq.pdf used on input line 29.
(pdftex.def)             Requested size: 813.0375pt x 1052.23853pt.

Overfull \hbox (162.6075pt too wide) in paragraph at lines 29--29
[] [] 
 []


Overfull \vbox (329.53853pt too high) has occurred while \output is active []


[5 <C:/Users/matthews/Documents/csci322/lectures/andrews/chap01/p13_mm_seq.pdf>
]
LaTeX Font Info:    Try loading font information for OMS+cmr on input line 32.
 ("C:\Program Files (x86)\MiKTeX 2.9\tex\latex\base\omscmr.fd"
File: omscmr.fd 1999/05/25 v2.5h Standard LaTeX font definitions
)
LaTeX Font Info:    Font shape `OMS/cmr/m/n' in size <20.74> not available
(Font)              Font shape `OMS/cmsy/m/n' tried instead on input line 32.
 [6]
<chap01/p14a_mm_rows.pdf, id=52, 614.295pt x 794.97pt>
File: chap01/p14a_mm_rows.pdf Graphic file (type pdf)

<use chap01/p14a_mm_rows.pdf>
Package pdftex.def Info: chap01/p14a_mm_rows.pdf used on input line 39.
(pdftex.def)             Requested size: 813.0375pt x 1052.23853pt.

Overfull \hbox (162.6075pt too wide) in paragraph at lines 39--39
[] [] 
 []


Overfull \vbox (329.53853pt too high) has occurred while \output is active []


[7 <C:/Users/matthews/Documents/csci322/lectures/andrews/chap01/p14a_mm_rows.pd
f>] <chap01/p14b_mm_cols.pdf, id=62, 614.295pt x 794.97pt>
File: chap01/p14b_mm_cols.pdf Graphic file (type pdf)

<use chap01/p14b_mm_cols.pdf>
Package pdftex.def Info: chap01/p14b_mm_cols.pdf used on input line 40.
(pdftex.def)             Requested size: 813.0375pt x 1052.23853pt.

Overfull \hbox (162.6075pt too wide) in paragraph at lines 40--40
[] [] 
 []


Overfull \vbox (329.53853pt too high) has occurred while \output is active []


[8 <C:/Users/matthews/Documents/csci322/lectures/andrews/chap01/p14b_mm_cols.pd
f>] <chap01/p15a_mm_rows_cols.pdf, id=71, 614.295pt x 794.97pt>
File: chap01/p15a_mm_rows_cols.pdf Graphic file (type pdf)

<use chap01/p15a_mm_rows_cols.pdf>
Package pdftex.def Info: chap01/p15a_mm_rows_cols.pdf used on input line 41.
(pdftex.def)             Requested size: 813.0375pt x 1052.23853pt.

Overfull \hbox (162.6075pt too wide) in paragraph at lines 41--41
[] [] 
 []


Overfull \vbox (329.53853pt too high) has occurred while \output is active []


[9 <C:/Users/matthews/Documents/csci322/lectures/andrews/chap01/p15a_mm_rows_co
ls.pdf>] <chap01/p15b_mm_nested_co.pdf, id=80, 614.295pt x 794.97pt>
File: chap01/p15b_mm_nested_co.pdf Graphic file (type pdf)

<use chap01/p15b_mm_nested_co.pdf>
Package pdftex.def Info: chap01/p15b_mm_nested_co.pdf used on input line 42.
(pdftex.def)             Requested size: 813.0375pt x 1052.23853pt.

Overfull \hbox (162.6075pt too wide) in paragraph at lines 42--42
[] [] 
 []


Overfull \vbox (329.53853pt too high) has occurred while \output is active []


[10 <C:/Users/matthews/Documents/csci322/lectures/andrews/chap01/p15b_mm_nested
_co.pdf>] <chap01/p16a_mm_process.pdf, id=89, 614.295pt x 794.97pt>
File: chap01/p16a_mm_process.pdf Graphic file (type pdf)

<use chap01/p16a_mm_process.pdf>
Package pdftex.def Info: chap01/p16a_mm_process.pdf used on input line 43.
(pdftex.def)             Requested size: 813.0375pt x 1052.23853pt.

Overfull \hbox (162.6075pt too wide) in paragraph at lines 43--43
[] [] 
 []


Overfull \vbox (329.53853pt too high) has occurred while \output is active []


[11 <C:/Users/matthews/Documents/csci322/lectures/andrews/chap01/p16a_mm_proces
s.pdf>] <chap01/p16b_mm_strips.pdf, id=98, 614.295pt x 794.97pt>
File: chap01/p16b_mm_strips.pdf Graphic file (type pdf)

<use chap01/p16b_mm_strips.pdf>
Package pdftex.def Info: chap01/p16b_mm_strips.pdf used on input line 44.
(pdftex.def)             Requested size: 813.0375pt x 1052.23853pt.

Overfull \hbox (162.6075pt too wide) in paragraph at lines 44--44
[] [] 
 []


Overfull \vbox (329.53853pt too high) has occurred while \output is active []


[12 <C:/Users/matthews/Documents/csci322/lectures/andrews/chap01/p16b_mm_strips
.pdf>] <chap01/1_4.pdf, id=107, 614.295pt x 794.97pt>
File: chap01/1_4.pdf Graphic file (type pdf)
 <use chap01/1_4.pdf>
Package pdftex.def Info: chap01/1_4.pdf used on input line 45.
(pdftex.def)             Requested size: 813.0375pt x 1052.23853pt.

Overfull \hbox (162.6075pt too wide) in paragraph at lines 45--45
[] [] 
 []


Overfull \vbox (329.53853pt too high) has occurred while \output is active []


[13 <C:/Users/matthews/Documents/csci322/lectures/andrews/chap01/1_4.pdf>]
<chap01/p18a_quad_iterative.pdf, id=123, 614.295pt x 794.97pt>
File: chap01/p18a_quad_iterative.pdf Graphic file (type pdf)

<use chap01/p18a_quad_iterative.pdf>
Package pdftex.def Info: chap01/p18a_quad_iterative.pdf used on input line 46.
(pdftex.def)             Requested size: 813.0375pt x 1052.23853pt.

Overfull \hbox (162.6075pt too wide) in paragraph at lines 46--46
[] [] 
 []


Overfull \vbox (329.53853pt too high) has occurred while \output is active []


[14 <C:/Users/matthews/Documents/csci322/lectures/andrews/chap01/p18a_quad_iter
ative.pdf>] <chap01/p18b_quad_recursive.pdf, id=132, 614.295pt x 794.97pt>
File: chap01/p18b_quad_recursive.pdf Graphic file (type pdf)

<use chap01/p18b_quad_recursive.pdf>
Package pdftex.def Info: chap01/p18b_quad_recursive.pdf used on input line 47.
(pdftex.def)             Requested size: 813.0375pt x 1052.23853pt.

Overfull \hbox (162.6075pt too wide) in paragraph at lines 47--47
[] [] 
 []


Overfull \vbox (329.53853pt too high) has occurred while \output is active []


[15 <C:/Users/matthews/Documents/csci322/lectures/andrews/chap01/p18b_quad_recu
rsive.pdf>] <chap01/p18c_quad_co.pdf, id=141, 614.295pt x 794.97pt>
File: chap01/p18c_quad_co.pdf Graphic file (type pdf)

<use chap01/p18c_quad_co.pdf>
Package pdftex.def Info: chap01/p18c_quad_co.pdf used on input line 57.
(pdftex.def)             Requested size: 813.0375pt x 1052.23853pt.

Overfull \hbox (162.6075pt too wide) in paragraph at lines 57--57
[] [] 
 []

[16]
Overfull \vbox (329.53853pt too high) has occurred while \output is active []


[17 <C:/Users/matthews/Documents/csci322/lectures/andrews/chap01/p18c_quad_co.p
df>] <chap01/1_5.pdf, id=153, 614.295pt x 794.97pt>
File: chap01/1_5.pdf Graphic file (type pdf)
 <use chap01/1_5.pdf>
Package pdftex.def Info: chap01/1_5.pdf used on input line 59.
(pdftex.def)             Requested size: 813.0375pt x 1052.23853pt.

Overfull \hbox (162.6075pt too wide) in paragraph at lines 59--59
[] [] 
 []


Overfull \vbox (329.53853pt too high) has occurred while \output is active []


[18 <C:/Users/matthews/Documents/csci322/lectures/andrews/chap01/1_5.pdf>]
<chap01/1_6.pdf, id=166, 614.295pt x 794.97pt>
File: chap01/1_6.pdf Graphic file (type pdf)
 <use chap01/1_6.pdf>
Package pdftex.def Info: chap01/1_6.pdf used on input line 60.
(pdftex.def)             Requested size: 813.0375pt x 1052.23853pt.

Overfull \hbox (162.6075pt too wide) in paragraph at lines 60--60
[] [] 
 []


Overfull \vbox (329.53853pt too high) has occurred while \output is active []


[19 <C:/Users/matthews/Documents/csci322/lectures/andrews/chap01/1_6.pdf>]
<chap01/1_7.pdf, id=180, 614.295pt x 794.97pt>
File: chap01/1_7.pdf Graphic file (type pdf)
 <use chap01/1_7.pdf>
Package pdftex.def Info: chap01/1_7.pdf used on input line 61.
(pdftex.def)             Requested size: 813.0375pt x 1052.23853pt.

Overfull \hbox (162.6075pt too wide) in paragraph at lines 61--61
[] [] 
 []


Overfull \vbox (329.53853pt too high) has occurred while \output is active []


[20 <C:/Users/matthews/Documents/csci322/lectures/andrews/chap01/1_7.pdf>]
<chap01/p23_mm_coord_worker.pdf, id=196, 614.295pt x 794.97pt>
File: chap01/p23_mm_coord_worker.pdf Graphic file (type pdf)

<use chap01/p23_mm_coord_worker.pdf>
Package pdftex.def Info: chap01/p23_mm_coord_worker.pdf used on input line 62.
(pdftex.def)             Requested size: 813.0375pt x 1052.23853pt.

Overfull \hbox (162.6075pt too wide) in paragraph at lines 62--62
[] [] 
 []


Overfull \vbox (329.53853pt too high) has occurred while \output is active []


[21 <C:/Users/matthews/Documents/csci322/lectures/andrews/chap01/p23_mm_coord_w
orker.pdf>] <chap01/p25_mm_circular.pdf, id=205, 614.295pt x 794.97pt>
File: chap01/p25_mm_circular.pdf Graphic file (type pdf)

<use chap01/p25_mm_circular.pdf>
Package pdftex.def Info: chap01/p25_mm_circular.pdf used on input line 63.
(pdftex.def)             Requested size: 813.0375pt x 1052.23853pt.

Overfull \hbox (162.6075pt too wide) in paragraph at lines 63--63
[] [] 
 []


Overfull \vbox (329.53853pt too high) has occurred while \output is active []


[22 <C:/Users/matthews/Documents/csci322/lectures/andrews/chap01/p25_mm_circula
r.pdf>] (C:\Users\matthews\Documents\csci322\lectures\andrews\chap01.aux) ) 
Here is how much of TeX's memory you used:
 1825 strings out of 494045
 26421 string characters out of 3145961
 81807 words of memory out of 3000000
 5117 multiletter control sequences out of 15000+200000
 7837 words of font info for 28 fonts, out of 3000000 for 9000
 715 hyphenation exceptions out of 8191
 27i,7n,32p,235b,234s stack positions out of 5000i,500n,10000p,200000b,50000s
<C:/
Program Files (x86)/MiKTeX 2.9/fonts/type1/public/amsfonts/cm/cmbx12.pfb><C:/Pr
ogram Files (x86)/MiKTeX 2.9/fonts/type1/public/amsfonts/cm/cmr10.pfb><C:/Progr
am Files (x86)/MiKTeX 2.9/fonts/type1/public/amsfonts/cm/cmr12.pfb><C:/Program 
Files (x86)/MiKTeX 2.9/fonts/type1/public/amsfonts/cm/cmr17.pfb><C:/Program Fil
es (x86)/MiKTeX 2.9/fonts/type1/public/amsfonts/cm/cmr9.pfb><C:/Program Files (
x86)/MiKTeX 2.9/fonts/type1/public/amsfonts/cm/cmsy10.pfb>
Output written on chap01.pdf (22 pages, 117083 bytes).
PDF statistics:
 235 PDF objects out of 1000 (max. 8388607)
 0 named destinations out of 1000 (max. 500000)
 96 words of extra memory for PDF output out of 10000 (max. 10000000)

