This is pdfTeX, Version 3.1415926-2.5-1.40.14 (TeX Live 2013/Debian) (format=pdflatex 2014.5.7)  12 FEB 2015 09:00
entering extended mode
 restricted \write18 enabled.
 %&-line parsing enabled.
**chap09.tex
(./chap09.tex
LaTeX2e <2011/06/27>
Babel <3.9h> and hyphenation patterns for 78 languages loaded.
(/usr/share/texlive/texmf-dist/tex/latex/base/article.cls
Document Class: article 2007/10/19 v1.4h Standard LaTeX document class
(/usr/share/texlive/texmf-dist/tex/latex/base/size10.clo
File: size10.clo 2007/10/19 v1.4h Standard LaTeX file (size option)
)
\c@part=\count79
\c@section=\count80
\c@subsection=\count81
\c@subsubsection=\count82
\c@paragraph=\count83
\c@subparagraph=\count84
\c@figure=\count85
\c@table=\count86
\abovecaptionskip=\skip41
\belowcaptionskip=\skip42
\bibindent=\dimen102
)
(/usr/share/texlive/texmf-dist/tex/latex/geometry/geometry.sty
Package: geometry 2010/09/12 v5.6 Page Geometry

(/usr/share/texlive/texmf-dist/tex/latex/graphics/keyval.sty
Package: keyval 1999/03/16 v1.13 key=value parser (DPC)
\KV@toks@=\toks14
)
(/usr/share/texlive/texmf-dist/tex/generic/oberdiek/ifpdf.sty
Package: ifpdf 2011/01/30 v2.3 Provides the ifpdf switch (HO)
Package ifpdf Info: pdfTeX in PDF mode is detected.
)
(/usr/share/texlive/texmf-dist/tex/generic/oberdiek/ifvtex.sty
Package: ifvtex 2010/03/01 v1.5 Detect VTeX and its facilities (HO)
Package ifvtex Info: VTeX not detected.
)
(/usr/share/texlive/texmf-dist/tex/generic/ifxetex/ifxetex.sty
Package: ifxetex 2010/09/12 v0.6 Provides ifxetex conditional
)
\Gm@cnth=\count87
\Gm@cntv=\count88
\c@Gm@tempcnt=\count89
\Gm@bindingoffset=\dimen103
\Gm@wd@mp=\dimen104
\Gm@odd@mp=\dimen105
\Gm@even@mp=\dimen106
\Gm@layoutwidth=\dimen107
\Gm@layoutheight=\dimen108
\Gm@layouthoffset=\dimen109
\Gm@layoutvoffset=\dimen110
\Gm@dimlist=\toks15
)
(/usr/share/texlive/texmf-dist/tex/latex/graphics/graphicx.sty
Package: graphicx 1999/02/16 v1.0f Enhanced LaTeX Graphics (DPC,SPQR)

(/usr/share/texlive/texmf-dist/tex/latex/graphics/graphics.sty
Package: graphics 2009/02/05 v1.0o Standard LaTeX Graphics (DPC,SPQR)

(/usr/share/texlive/texmf-dist/tex/latex/graphics/trig.sty
Package: trig 1999/03/16 v1.09 sin cos tan (DPC)
)
(/usr/share/texlive/texmf-dist/tex/latex/latexconfig/graphics.cfg
File: graphics.cfg 2010/04/23 v1.9 graphics configuration of TeX Live
)
Package graphics Info: Driver file: pdftex.def on input line 91.

(/usr/share/texlive/texmf-dist/tex/latex/pdftex-def/pdftex.def
File: pdftex.def 2011/05/27 v0.06d Graphics/color for pdfTeX

(/usr/share/texlive/texmf-dist/tex/generic/oberdiek/infwarerr.sty
Package: infwarerr 2010/04/08 v1.3 Providing info/warning/error messages (HO)
)
(/usr/share/texlive/texmf-dist/tex/generic/oberdiek/ltxcmds.sty
Package: ltxcmds 2011/11/09 v1.22 LaTeX kernel commands for general use (HO)
)
\Gread@gobject=\count90
))
\Gin@req@height=\dimen111
\Gin@req@width=\dimen112
)
(/usr/share/texlive/texmf-dist/tex/latex/tools/multicol.sty
Package: multicol 2011/06/27 v1.7a multicolumn formatting (FMi)
\c@tracingmulticols=\count91
\mult@box=\box26
\multicol@leftmargin=\dimen113
\c@unbalance=\count92
\c@collectmore=\count93
\doublecol@number=\count94
\multicoltolerance=\count95
\multicolpretolerance=\count96
\full@width=\dimen114
\page@free=\dimen115
\premulticols=\dimen116
\postmulticols=\dimen117
\multicolsep=\skip43
\multicolbaselineskip=\skip44
\partial@page=\box27
\last@line=\box28
\mult@rightbox=\box29
\mult@grightbox=\box30
\mult@gfirstbox=\box31
\mult@firstbox=\box32
\@tempa=\box33
\@tempa=\box34
\@tempa=\box35
\@tempa=\box36
\@tempa=\box37
\@tempa=\box38
\@tempa=\box39
\@tempa=\box40
\@tempa=\box41
\@tempa=\box42
\@tempa=\box43
\@tempa=\box44
\@tempa=\box45
\@tempa=\box46
\@tempa=\box47
\@tempa=\box48
\@tempa=\box49
\c@columnbadness=\count97
\c@finalcolumnbadness=\count98
\last@try=\dimen118
\multicolovershoot=\dimen119
\multicolundershoot=\dimen120
\mult@nat@firstbox=\box50
\colbreak@box=\box51
\multicol@sort@counter=\count99
)
(/usr/share/texlive/texmf-dist/tex/latex/overpic/overpic.sty
Package: overpic 2010/09/13 v0.53  Overwriting graphics

Package: overpic v0.53 <2010/09/13> (RN)
(/usr/share/texlive/texmf-dist/tex/latex/eepic/epic.sty
Enhancements to Picture Environment. Version 1.2 - Released June 1, 1986
\@@multicnt=\count100
\d@lta=\count101
\@delta=\dimen121
\@@delta=\dimen122
\@gridcnt=\count102
\@joinkind=\count103
\@dotgap=\dimen123
\@ddotgap=\dimen124
\@x@diff=\count104
\@y@diff=\count105
\x@diff=\dimen125
\y@diff=\dimen126
\@dotbox=\box52
\num@segments=\count106
\num@segmentsi=\count107
\@datafile=\read1
)
overpic: relative positioning in percent
) (/usr/share/texlive/texmf-dist/tex/latex/fancyvrb/fancyvrb.sty
Package: fancyvrb 2008/02/07

Style option: `fancyvrb' v2.7a, with DG/SPQR fixes, and firstline=lastline fix 
<2008/02/07> (tvz)
\FV@CodeLineNo=\count108
\FV@InFile=\read2
\FV@TabBox=\box53
\c@FancyVerbLine=\count109
\FV@StepNumber=\count110
\FV@OutFile=\write3
) (./chap09.aux)
\openout1 = `chap09.aux'.

LaTeX Font Info:    Checking defaults for OML/cmm/m/it on input line 41.
LaTeX Font Info:    ... okay on input line 41.
LaTeX Font Info:    Checking defaults for T1/cmr/m/n on input line 41.
LaTeX Font Info:    ... okay on input line 41.
LaTeX Font Info:    Checking defaults for OT1/cmr/m/n on input line 41.
LaTeX Font Info:    ... okay on input line 41.
LaTeX Font Info:    Checking defaults for OMS/cmsy/m/n on input line 41.
LaTeX Font Info:    ... okay on input line 41.
LaTeX Font Info:    Checking defaults for OMX/cmex/m/n on input line 41.
LaTeX Font Info:    ... okay on input line 41.
LaTeX Font Info:    Checking defaults for U/cmr/m/n on input line 41.
LaTeX Font Info:    ... okay on input line 41.

*geometry* driver: auto-detecting
*geometry* detected driver: pdftex
*geometry* verbose mode - [ preamble ] result:
* driver: pdftex
* paper: <default>
* layout: <same size as paper>
* layoutoffset:(h,v)=(0.0pt,0.0pt)
* modes: landscape 
* h-part:(L,W,R)=(36.135pt, 722.7pt, 36.135pt)
* v-part:(T,H,B)=(-72.26999pt, 686.56499pt, 0.0pt)
* \paperwidth=794.96999pt
* \paperheight=614.295pt
* \textwidth=722.7pt
* \textheight=686.56499pt
* \oddsidemargin=-36.135pt
* \evensidemargin=-36.135pt
* \topmargin=-181.53998pt
* \headheight=12.0pt
* \headsep=25.0pt
* \topskip=10.0pt
* \footskip=30.0pt
* \marginparwidth=65.0pt
* \marginparsep=11.0pt
* \columnsep=10.0pt
* \skip\footins=9.0pt plus 4.0pt minus 2.0pt
* \hoffset=0.0pt
* \voffset=0.0pt
* \mag=1000
* \@twocolumnfalse
* \@twosidefalse
* \@mparswitchfalse
* \@reversemarginfalse
* (1in=72.27pt=25.4mm, 1cm=28.453pt)

(/usr/share/texlive/texmf-dist/tex/context/base/supp-pdf.mkii
[Loading MPS to PDF converter (version 2006.09.02).]
\scratchcounter=\count111
\scratchdimen=\dimen127
\scratchbox=\box54
\nofMPsegments=\count112
\nofMParguments=\count113
\everyMPshowfont=\toks16
\MPscratchCnt=\count114
\MPscratchDim=\dimen128
\MPnumerator=\count115
\makeMPintoPDFobject=\count116
\everyMPtoPDFconversion=\toks17
) (/usr/share/texlive/texmf-dist/tex/generic/oberdiek/pdftexcmds.sty
Package: pdftexcmds 2011/11/29 v0.20 Utility functions of pdfTeX for LuaTeX (HO
)

(/usr/share/texlive/texmf-dist/tex/generic/oberdiek/ifluatex.sty
Package: ifluatex 2010/03/01 v1.3 Provides the ifluatex switch (HO)
Package ifluatex Info: LuaTeX not detected.
)
Package pdftexcmds Info: LuaTeX not detected.
Package pdftexcmds Info: \pdf@primitive is available.
Package pdftexcmds Info: \pdf@ifprimitive is available.
Package pdftexcmds Info: \pdfdraftmode found.
)
(/usr/share/texlive/texmf-dist/tex/latex/oberdiek/epstopdf-base.sty
Package: epstopdf-base 2010/02/09 v2.5 Base part for package epstopdf

(/usr/share/texlive/texmf-dist/tex/latex/oberdiek/grfext.sty
Package: grfext 2010/08/19 v1.1 Manage graphics extensions (HO)

(/usr/share/texlive/texmf-dist/tex/generic/oberdiek/kvdefinekeys.sty
Package: kvdefinekeys 2011/04/07 v1.3 Define keys (HO)
))
(/usr/share/texlive/texmf-dist/tex/latex/oberdiek/kvoptions.sty
Package: kvoptions 2011/06/30 v3.11 Key value format for package options (HO)

(/usr/share/texlive/texmf-dist/tex/generic/oberdiek/kvsetkeys.sty
Package: kvsetkeys 2012/04/25 v1.16 Key value parser (HO)

(/usr/share/texlive/texmf-dist/tex/generic/oberdiek/etexcmds.sty
Package: etexcmds 2011/02/16 v1.5 Avoid name clashes with e-TeX commands (HO)
Package etexcmds Info: Could not find \expanded.
(etexcmds)             That can mean that you are not using pdfTeX 1.50 or
(etexcmds)             that some package has redefined \expanded.
(etexcmds)             In the latter case, load this package earlier.
)))
Package grfext Info: Graphics extension search list:
(grfext)             [.png,.pdf,.jpg,.mps,.jpeg,.jbig2,.jb2,.PNG,.PDF,.JPG,.JPE
G,.JBIG2,.JB2,.eps]
(grfext)             \AppendGraphicsExtensions on input line 452.

(/usr/share/texlive/texmf-dist/tex/latex/latexconfig/epstopdf-sys.cfg
File: epstopdf-sys.cfg 2010/07/13 v1.3 Configuration of (r)epstopdf for TeX Liv
e
))
[1

{/var/lib/texmf/fonts/map/pdftex/updmap/pdftex.map}]
<figures/9_1a.pdf, id=9, 614.295pt x 794.97pt>
File: figures/9_1a.pdf Graphic file (type pdf)
 <use figures/9_1a.pdf>
Package pdftex.def Info: figures/9_1a.pdf used on input line 49.
(pdftex.def)             Requested size: 921.44023pt x 1192.45209pt.

Overfull \hbox (195.48764pt too wide) in paragraph at lines 50--51
[][] 
 []


Overfull \vbox (505.88649pt too high) has occurred while \output is active []


[2 <./figures/9_1a.pdf>] <figures/9_1b.pdf, id=19, 614.295pt x 794.97pt>
File: figures/9_1b.pdf Graphic file (type pdf)

<use figures/9_1b.pdf>
Package pdftex.def Info: figures/9_1b.pdf used on input line 51.
(pdftex.def)             Requested size: 921.44023pt x 1192.45209pt.

Overfull \hbox (195.48764pt too wide) in paragraph at lines 52--53
[][] 
 []


Overfull \vbox (505.88649pt too high) has occurred while \output is active []


[3 <./figures/9_1b.pdf>] <figures/9_2.pdf, id=29, 614.295pt x 794.97pt>
File: figures/9_2.pdf Graphic file (type pdf)

<use figures/9_2.pdf>
Package pdftex.def Info: figures/9_2.pdf used on input line 53.
(pdftex.def)             Requested size: 737.1503pt x 953.95924pt.

Overfull \hbox (11.84776pt too wide) in paragraph at lines 54--55
[][] 
 []


Overfull \vbox (267.39314pt too high) has occurred while \output is active []


[4 <./figures/9_2.pdf>] <figures/9_3a.pdf, id=39, 614.295pt x 794.97pt>
File: figures/9_3a.pdf Graphic file (type pdf)

<use figures/9_3a.pdf>
Package pdftex.def Info: figures/9_3a.pdf used on input line 55.
(pdftex.def)             Requested size: 737.1503pt x 953.95924pt.

Overfull \hbox (11.84776pt too wide) in paragraph at lines 56--57
[][] 
 []


Overfull \vbox (267.39314pt too high) has occurred while \output is active []


[5 <./figures/9_3a.pdf>] <figures/9_3b.pdf, id=49, 614.295pt x 794.97pt>
File: figures/9_3b.pdf Graphic file (type pdf)

<use figures/9_3b.pdf>
Package pdftex.def Info: figures/9_3b.pdf used on input line 57.
(pdftex.def)             Requested size: 921.44023pt x 1192.45209pt.

Overfull \hbox (195.48764pt too wide) in paragraph at lines 58--59
[][] 
 []


Overfull \vbox (505.88649pt too high) has occurred while \output is active []


[6 <./figures/9_3b.pdf>] <figures/9_4.pdf, id=59, 614.295pt x 794.97pt>
File: figures/9_4.pdf Graphic file (type pdf)

<use figures/9_4.pdf>
Package pdftex.def Info: figures/9_4.pdf used on input line 59.
(pdftex.def)             Requested size: 921.44023pt x 1192.45209pt.

Overfull \hbox (195.48764pt too wide) in paragraph at lines 60--61
[][] 
 []


Overfull \vbox (505.88649pt too high) has occurred while \output is active []


[7 <./figures/9_4.pdf>] <figures/9_5.pdf, id=70, 614.295pt x 794.97pt>
File: figures/9_5.pdf Graphic file (type pdf)

<use figures/9_5.pdf>
Package pdftex.def Info: figures/9_5.pdf used on input line 61.
(pdftex.def)             Requested size: 921.44023pt x 1192.45209pt.

Overfull \hbox (195.48764pt too wide) in paragraph at lines 62--63
[][] 
 []


Overfull \vbox (505.88649pt too high) has occurred while \output is active []


[8 <./figures/9_5.pdf>] <figures/9_6a.pdf, id=84, 614.295pt x 794.97pt>
File: figures/9_6a.pdf Graphic file (type pdf)

<use figures/9_6a.pdf>
Package pdftex.def Info: figures/9_6a.pdf used on input line 63.
(pdftex.def)             Requested size: 921.44023pt x 1192.45209pt.

Overfull \hbox (195.48764pt too wide) in paragraph at lines 64--65
[][] 
 []


Overfull \vbox (505.88649pt too high) has occurred while \output is active []


[9 <./figures/9_6a.pdf>] <figures/9_6b.pdf, id=94, 614.295pt x 794.97pt>
File: figures/9_6b.pdf Graphic file (type pdf)

<use figures/9_6b.pdf>
Package pdftex.def Info: figures/9_6b.pdf used on input line 65.
(pdftex.def)             Requested size: 737.1503pt x 953.95924pt.

Overfull \hbox (11.84776pt too wide) in paragraph at lines 66--67
[][] 
 []


Overfull \vbox (267.39314pt too high) has occurred while \output is active []


[10 <./figures/9_6b.pdf>] <figures/9_7.pdf, id=104, 614.295pt x 794.97pt>
File: figures/9_7.pdf Graphic file (type pdf)

<use figures/9_7.pdf>
Package pdftex.def Info: figures/9_7.pdf used on input line 67.
(pdftex.def)             Requested size: 921.44023pt x 1192.45209pt.

Overfull \hbox (195.48764pt too wide) in paragraph at lines 68--69
[][] 
 []


Overfull \vbox (505.88649pt too high) has occurred while \output is active []


[11 <./figures/9_7.pdf>] <figures/9_8.pdf, id=114, 614.295pt x 794.97pt>
File: figures/9_8.pdf Graphic file (type pdf)

<use figures/9_8.pdf>
Package pdftex.def Info: figures/9_8.pdf used on input line 69.
(pdftex.def)             Requested size: 921.44023pt x 1192.45209pt.

Overfull \hbox (195.48764pt too wide) in paragraph at lines 70--71
[][] 
 []


Overfull \vbox (505.88649pt too high) has occurred while \output is active []


[12 <./figures/9_8.pdf>] <figures/9_9.pdf, id=124, 614.295pt x 794.97pt>
File: figures/9_9.pdf Graphic file (type pdf)

<use figures/9_9.pdf>
Package pdftex.def Info: figures/9_9.pdf used on input line 71.
(pdftex.def)             Requested size: 921.44023pt x 1192.45209pt.

Overfull \hbox (195.48764pt too wide) in paragraph at lines 72--73
[][] 
 []


Overfull \vbox (505.88649pt too high) has occurred while \output is active []


[13 <./figures/9_9.pdf>] <figures/9_10.pdf, id=136, 614.295pt x 794.97pt>
File: figures/9_10.pdf Graphic file (type pdf)

<use figures/9_10.pdf>
Package pdftex.def Info: figures/9_10.pdf used on input line 73.
(pdftex.def)             Requested size: 921.44023pt x 1192.45209pt.

Overfull \hbox (195.48764pt too wide) in paragraph at lines 74--75
[][] 
 []


Overfull \vbox (505.88649pt too high) has occurred while \output is active []


[14 <./figures/9_10.pdf>] <figures/9_11.pdf, id=146, 614.295pt x 794.97pt>
File: figures/9_11.pdf Graphic file (type pdf)

<use figures/9_11.pdf>
Package pdftex.def Info: figures/9_11.pdf used on input line 75.
(pdftex.def)             Requested size: 798.5834pt x 1033.4609pt.

Overfull \hbox (73.0638pt too wide) in paragraph at lines 76--77
[][] 
 []


Overfull \vbox (346.89449pt too high) has occurred while \output is active []


[15 <./figures/9_11.pdf>] <figures/9_12.pdf, id=156, 614.295pt x 794.97pt>
File: figures/9_12.pdf Graphic file (type pdf)

<use figures/9_12.pdf>
Package pdftex.def Info: figures/9_12.pdf used on input line 77.
(pdftex.def)             Requested size: 737.1503pt x 953.95924pt.

Overfull \hbox (11.84776pt too wide) in paragraph at lines 78--79
[][] 
 []


Overfull \vbox (267.39314pt too high) has occurred while \output is active []


[16 <./figures/9_12.pdf>] <figures/9_13.pdf, id=167, 614.295pt x 794.97pt>
File: figures/9_13.pdf Graphic file (type pdf)

<use figures/9_13.pdf>
Package pdftex.def Info: figures/9_13.pdf used on input line 79.
(pdftex.def)             Requested size: 645.01003pt x 834.71889pt.

Overfull \vbox (148.15334pt too high) has occurred while \output is active []


[17 <./figures/9_13.pdf>] <figures/9_14.pdf, id=178, 614.295pt x 794.97pt>
File: figures/9_14.pdf Graphic file (type pdf)

<use figures/9_14.pdf>
Package pdftex.def Info: figures/9_14.pdf used on input line 81.
(pdftex.def)             Requested size: 921.44023pt x 1192.45209pt.

Overfull \hbox (195.48764pt too wide) in paragraph at lines 82--83
[][] 
 []


Overfull \vbox (505.88649pt too high) has occurred while \output is active []


[18 <./figures/9_14.pdf>] <figures/9_15.pdf, id=192, 614.295pt x 794.97pt>
File: figures/9_15.pdf Graphic file (type pdf)

<use figures/9_15.pdf>
Package pdftex.def Info: figures/9_15.pdf used on input line 83.
(pdftex.def)             Requested size: 921.44023pt x 1192.45209pt.

Overfull \hbox (195.48764pt too wide) in paragraph at lines 84--85
[][] 
 []


Overfull \vbox (505.88649pt too high) has occurred while \output is active []


[19 <./figures/9_15.pdf>] <figures/9_16.pdf, id=204, 614.295pt x 794.97pt>
File: figures/9_16.pdf Graphic file (type pdf)

<use figures/9_16.pdf>
Package pdftex.def Info: figures/9_16.pdf used on input line 85.
(pdftex.def)             Requested size: 921.44023pt x 1192.45209pt.

Overfull \hbox (195.48764pt too wide) in paragraph at lines 86--87
[][] 
 []


Overfull \vbox (505.88649pt too high) has occurred while \output is active []


[20 <./figures/9_16.pdf>] <figures/9_17.pdf, id=216, 614.295pt x 794.97pt>
File: figures/9_17.pdf Graphic file (type pdf)

<use figures/9_17.pdf>
Package pdftex.def Info: figures/9_17.pdf used on input line 87.
(pdftex.def)             Requested size: 921.44023pt x 1192.45209pt.

Overfull \hbox (195.48764pt too wide) in paragraph at lines 88--89
[][] 
 []


Overfull \vbox (505.88649pt too high) has occurred while \output is active []


[21 <./figures/9_17.pdf>] <figures/9_18.pdf, id=226, 614.295pt x 794.97pt>
File: figures/9_18.pdf Graphic file (type pdf)

<use figures/9_18.pdf>
Package pdftex.def Info: figures/9_18.pdf used on input line 89.
(pdftex.def)             Requested size: 921.44023pt x 1192.45209pt.

Overfull \hbox (195.48764pt too wide) in paragraph at lines 90--91
[][] 
 []


Overfull \vbox (505.88649pt too high) has occurred while \output is active []


[22 <./figures/9_18.pdf>] <figures/9_19.pdf, id=238, 614.295pt x 794.97pt>
File: figures/9_19.pdf Graphic file (type pdf)

<use figures/9_19.pdf>
Package pdftex.def Info: figures/9_19.pdf used on input line 91.
(pdftex.def)             Requested size: 921.44023pt x 1192.45209pt.

Overfull \hbox (195.48764pt too wide) in paragraph at lines 92--93
[][] 
 []


Overfull \vbox (505.88649pt too high) has occurred while \output is active []


[23 <./figures/9_19.pdf>] <figures/9_20.pdf, id=251, 614.295pt x 794.97pt>
File: figures/9_20.pdf Graphic file (type pdf)

<use figures/9_20.pdf>
Package pdftex.def Info: figures/9_20.pdf used on input line 93.
(pdftex.def)             Requested size: 921.44023pt x 1192.45209pt.

Overfull \hbox (195.48764pt too wide) in paragraph at lines 94--95
[][] 
 []


Overfull \vbox (505.88649pt too high) has occurred while \output is active []


[24 <./figures/9_20.pdf>]
<figures/9_21.pdf, id=262, page=1, 614.295pt x 794.97pt>
File: figures/9_21.pdf Graphic file (type pdf)

<use figures/9_21.pdf, page 1>
Package pdftex.def Info: figures/9_21.pdf, page1 used on input line 95.
(pdftex.def)             Requested size: 583.57693pt x 755.21722pt.

Overfull \vbox (68.652pt too high) has occurred while \output is active []


[25 <./figures/9_21.pdf>]
<figures/9_21.pdf, id=269, page=2, 614.295pt x 794.97pt>
File: figures/9_21.pdf Graphic file (type pdf)

<use figures/9_21.pdf, page 2>
Package pdftex.def Info: figures/9_21.pdf, page2 used on input line 97.
(pdftex.def)             Requested size: 614.29349pt x 794.96806pt.

Overfull \vbox (108.40266pt too high) has occurred while \output is active []


[26 <./figures/9_21.pdf>]
<figures/heartbeat.pdf, id=279, 614.295pt x 794.97pt>
File: figures/heartbeat.pdf Graphic file (type pdf)

<use figures/heartbeat.pdf>
Package pdftex.def Info: figures/heartbeat.pdf used on input line 99.
(pdftex.def)             Requested size: 921.44023pt x 1192.45209pt.

Overfull \hbox (195.48764pt too wide) in paragraph at lines 100--101
[][] 
 []


Overfull \vbox (505.88649pt too high) has occurred while \output is active []


[27 <./figures/heartbeat.pdf>]
<figures/image.pdf, id=288, 614.295pt x 794.97pt>
File: figures/image.pdf Graphic file (type pdf)
 <use figures/image.pdf>
Package pdftex.def Info: figures/image.pdf used on input line 101.
(pdftex.def)             Requested size: 921.44023pt x 1192.45209pt.

Overfull \hbox (195.48764pt too wide) in paragraph at lines 102--103
[][] 
 []


Overfull \vbox (505.88649pt too high) has occurred while \output is active []


[28 <./figures/image.pdf>]
<figures/inner_prod.pdf, id=297, 614.295pt x 794.97pt>
File: figures/inner_prod.pdf Graphic file (type pdf)

<use figures/inner_prod.pdf>
Package pdftex.def Info: figures/inner_prod.pdf used on input line 103.
(pdftex.def)             Requested size: 921.44023pt x 1192.45209pt.

Overfull \hbox (195.48764pt too wide) in paragraph at lines 104--105
[][] 
 []


Overfull \vbox (505.88649pt too high) has occurred while \output is active []


[29 <./figures/inner_prod.pdf>]
<figures/mm_blocks.pdf, id=306, 614.295pt x 794.97pt>
File: figures/mm_blocks.pdf Graphic file (type pdf)

<use figures/mm_blocks.pdf>
Package pdftex.def Info: figures/mm_blocks.pdf used on input line 105.
(pdftex.def)             Requested size: 921.44023pt x 1192.45209pt.

Overfull \hbox (195.48764pt too wide) in paragraph at lines 106--107
[][] 
 []


Overfull \vbox (505.88649pt too high) has occurred while \output is active []


[30 <./figures/mm_blocks.pdf>] (./chap09.aux) ) 
Here is how much of TeX's memory you used:
 2678 strings out of 493304
 39383 string characters out of 6139872
 105713 words of memory out of 5000000
 6101 multiletter control sequences out of 15000+600000
 4552 words of font info for 17 fonts, out of 8000000 for 9000
 957 hyphenation exceptions out of 8191
 37i,5n,23p,239b,148s stack positions out of 5000i,500n,10000p,200000b,80000s
</usr/share/texlive/texmf-dist/f
onts/type1/public/amsfonts/cm/cmbx12.pfb></usr/share/texlive/texmf-dist/fonts/t
ype1/public/amsfonts/cm/cmr10.pfb></usr/share/texlive/texmf-dist/fonts/type1/pu
blic/amsfonts/cm/cmss17.pfb>
Output written on chap09.pdf (30 pages, 73921 bytes).
PDF statistics:
 327 PDF objects out of 1000 (max. 8388607)
 257 compressed objects within 3 object streams
 0 named destinations out of 1000 (max. 500000)
 146 words of extra memory for PDF output out of 10000 (max. 10000000)

